2025-03-28 05:37:33:196 [Appium] Welcome to Appium v2.13.1 (REV 2f6db3757e6c8533750264c0d397c3671665e2f4)
2025-03-28 05:37:33:197 [Appium] Non-default server args:
2025-03-28 05:37:33:198 [Appium] { port: 17506, sessionOverride: true }
2025-03-28 05:37:33:198 [Appium] The autodetected Appium home path: /Users/raj/.appium
2025-03-28 05:37:33:198 [Appium] Attempting to load driver uiautomator2...
2025-03-28 05:37:33:198 [Appium] Attempting to load driver xcuitest...
2025-03-28 05:37:33:200 [Appium] Requiring driver at /Users/raj/.appium/node_modules/appium-xcuitest-driver/build/index.js
2025-03-28 05:37:33:202 [Appium] Requiring driver at /Users/raj/.appium/node_modules/appium-uiautomator2-driver/build/index.js
2025-03-28 05:37:33:646 [Appium] XCUITestDriver has been successfully loaded in 0.447s
2025-03-28 05:37:34:790 [Appium] AndroidUiautomator2Driver has been successfully loaded in 1.592s
2025-03-28 05:37:34:800 [Appium] Appium REST http interface listener started on http://0.0.0.0:17506
2025-03-28 05:37:34:801 [Appium] You can provide the following URLs in your client code to connect to this server:
	http://127.0.0.1:17506/ (only accessible from the same host)
	http://192.168.31.2:17506/
2025-03-28 05:37:34:801 [Appium] Available drivers:
2025-03-28 05:37:34:801 [Appium]   - uiautomator2@3.7.6 (automationName 'UiAutomator2')
2025-03-28 05:37:34:801 [Appium]   - xcuitest@7.33.0 (automationName 'XCUITest')
2025-03-28 05:37:34:801 [Appium] No plugins have been installed. Use the "appium plugin" command to install the one(s) you want to use.
2025-03-28 05:37:35:099 [HTTP] --> GET /status {}
2025-03-28 05:37:35:099 [AppiumDriver@c8da] Calling AppiumDriver.getStatus() with args: []
2025-03-28 05:37:35:100 [AppiumDriver@c8da] Responding to client with driver.getStatus() result: {"ready":true,"message":"The server is ready to accept new connections","build":{"version":"2.13.1","git-sha":"2f6db3757e6c8533750264c0d397c3671665e2f4","built":"2025-03-10 08:55:50 +0000"}}
2025-03-28 05:37:35:103 [HTTP] <-- GET /status 200 3 ms - 200 
2025-03-28 05:37:35:108 [HTTP] --> GET /status {}
2025-03-28 05:37:35:108 [AppiumDriver@c8da] Calling AppiumDriver.getStatus() with args: []
2025-03-28 05:37:35:108 [AppiumDriver@c8da] Responding to client with driver.getStatus() result: {"ready":true,"message":"The server is ready to accept new connections","build":{"version":"2.13.1","git-sha":"2f6db3757e6c8533750264c0d397c3671665e2f4","built":"2025-03-10 08:55:50 +0000"}}
2025-03-28 05:37:35:109 [HTTP] <-- GET /status 200 1 ms - 200 
2025-03-28 05:37:35:432 [HTTP] Request idempotency key: 782c7395-1a20-4373-9d18-b0141be416c5
2025-03-28 05:37:35:438 [HTTP] --> POST /session {"capabilities":{"firstMatch":[{}],"alwaysMatch":{"appium:app":"/Users/raj/Downloads/AppreciateMobileAutomationNewUI_Investment_Final_Updated/src/test/resources/App/Prod/AppreciateProd.apk","appium:appPackage":"com.appreciatewealth.android.uat","appium:automationName":"UiAutomator2","appium:deviceName":"POCO C65","appium:fullReset":false,"appium:noReset":true,"appium:resetKeyboard":false,"appium:udid":"DQE6O78HZP9HPF5H","appium:unicodeKeyboard":false,"platformName":"ANDROID"}}}
2025-03-28 05:37:35:438 [AppiumDriver@c8da] Calling AppiumDriver.createSession() with args: [null,null,{"firstMatch":[{}],"alwaysMatch":{"appium:app":"/Users/raj/Downloads/AppreciateMobileAutomationNewUI_Investment_Final_Updated/src/test/resources/App/Prod/AppreciateProd.apk","appium:appPackage":"com.appreciatewealth.android.uat","appium:automationName":"UiAutomator2","appium:deviceName":"POCO C65","appium:fullReset":false,"appium:noReset":true,"appium:resetKeyboard":false,"appium:udid":"DQE6O78HZP9HPF5H","appium:unicodeKeyboard":false,"platformName":"ANDROID"}}]
2025-03-28 05:37:35:438 [AppiumDriver@c8da] Event 'newSessionRequested' logged at 1743140255438 (11:07:35 GMT+0530 (India Standard Time))
2025-03-28 05:37:35:440 [Appium] Attempting to find matching driver for automationName 'UiAutomator2' and platformName 'ANDROID'
2025-03-28 05:37:35:440 [Appium] The 'uiautomator2' driver was installed and matched caps.
2025-03-28 05:37:35:440 [Appium] Will require it at /Users/raj/.appium/node_modules/appium-uiautomator2-driver
2025-03-28 05:37:35:440 [Appium] Requiring driver at /Users/raj/.appium/node_modules/appium-uiautomator2-driver/build/index.js
2025-03-28 05:37:35:440 [AppiumDriver@c8da] Appium v2.13.1 creating new AndroidUiautomator2Driver (v3.7.6) session
2025-03-28 05:37:35:440 [AppiumDriver@c8da] Checking BaseDriver versions for Appium and AndroidUiautomator2Driver
2025-03-28 05:37:35:440 [AppiumDriver@c8da] Appium's BaseDriver version is 9.13.1
2025-03-28 05:37:35:440 [AppiumDriver@c8da] AndroidUiautomator2Driver's BaseDriver version is 9.13.1
2025-03-28 05:37:35:440 [AppiumDriver@c8da] There are no active sessions for cleanup
2025-03-28 05:37:35:442 [AndroidUiautomator2Driver@63a5] 
2025-03-28 05:37:35:442 [AndroidUiautomator2Driver@63a5] Creating session with W3C capabilities: {
  "alwaysMatch": {
    "platformName": "ANDROID",
    "appium:app": "/Users/raj/Downloads/AppreciateMobileAutomationNewUI_Investment_Final_Updated/src/test/resources/App/Prod/AppreciateProd.apk",
    "appium:appPackage": "com.appreciatewealth.android.uat",
    "appium:automationName": "UiAutomator2",
    "appium:deviceName": "POCO C65",
    "appium:fullReset": false,
    "appium:noReset": true,
    "appium:resetKeyboard": false,
    "appium:udid": "DQE6O78HZP9HPF5H",
    "appium:unicodeKeyboard": false
  },
  "firstMatch": [
    {}
  ]
}
2025-03-28 05:37:35:444 [AndroidUiautomator2Driver@63a5] The following provided capabilities were not recognized by this driver:
2025-03-28 05:37:35:444 [AndroidUiautomator2Driver@63a5]   resetKeyboard
2025-03-28 05:37:35:445 [e37678f2][AndroidUiautomator2Driver@63a5] Session created with session id: e37678f2-5bae-4c8b-b21e-9419e36fb759
2025-03-28 05:37:35:449 [e37678f2][ADB] Found 1 'build-tools' folders under '/Users/raj/Library/Android/sdk' (newest first):
2025-03-28 05:37:35:449 [e37678f2][ADB]     /Users/raj/Library/Android/sdk/build-tools/35.0.0
2025-03-28 05:37:35:450 [e37678f2][ADB] Using 'adb' from '/Users/raj/Library/Android/sdk/platform-tools/adb'
2025-03-28 05:37:35:450 [e37678f2][ADB] Running '/Users/raj/Library/Android/sdk/platform-tools/adb -P 5037 start-server'
2025-03-28 05:37:35:671 [e37678f2][AndroidUiautomator2Driver@63a5] Retrieving device list
2025-03-28 05:37:35:671 [e37678f2][ADB] Trying to find connected Android devices
2025-03-28 05:37:35:672 [e37678f2][ADB] Getting connected devices
2025-03-28 05:37:35:681 [e37678f2][ADB] Connected devices: [{"udid":"DQE6O78HZP9HPF5H","state":"device"}]
2025-03-28 05:37:35:682 [e37678f2][AndroidUiautomator2Driver@63a5] Using device: DQE6O78HZP9HPF5H
2025-03-28 05:37:35:682 [e37678f2][ADB] Using 'adb' from '/Users/raj/Library/Android/sdk/platform-tools/adb'
2025-03-28 05:37:35:682 [e37678f2][ADB] Running '/Users/raj/Library/Android/sdk/platform-tools/adb -P 5037 start-server'
2025-03-28 05:37:35:691 [e37678f2][ADB] Setting device id to DQE6O78HZP9HPF5H
2025-03-28 05:37:35:692 [e37678f2][BaseDriver] Using local app '/Users/raj/Downloads/AppreciateMobileAutomationNewUI_Investment_Final_Updated/src/test/resources/App/Prod/AppreciateProd.apk'
2025-03-28 05:37:35:892 [e37678f2][AndroidUiautomator2Driver@63a5] Checking whether app is actually present
2025-03-28 05:37:35:892 [e37678f2][ADB] Running '/Users/raj/Library/Android/sdk/platform-tools/adb -P 5037 -s DQE6O78HZP9HPF5H shell getprop ro.build.version.sdk'
2025-03-28 05:37:35:956 [e37678f2][ADB] Current device property 'ro.build.version.sdk': 35
2025-03-28 05:37:35:956 [e37678f2][ADB] Getting device platform version
2025-03-28 05:37:35:956 [e37678f2][ADB] Running '/Users/raj/Library/Android/sdk/platform-tools/adb -P 5037 -s DQE6O78HZP9HPF5H shell getprop ro.build.version.release'
2025-03-28 05:37:35:999 [e37678f2][ADB] Current device property 'ro.build.version.release': 15
2025-03-28 05:37:35:999 [e37678f2][ADB] Device API level: 35
2025-03-28 05:37:35:999 [e37678f2][AndroidUiautomator2Driver@63a5] Relaxing hidden api policy
2025-03-28 05:37:35:999 [e37678f2][ADB] Running '/Users/raj/Library/Android/sdk/platform-tools/adb -P 5037 -s DQE6O78HZP9HPF5H shell 'settings put global hidden_api_policy_pre_p_apps 1;settings put global hidden_api_policy_p_apps 1;settings put global hidden_api_policy 1''
2025-03-28 05:37:36:000 [e37678f2][AndroidUiautomator2Driver@63a5] Parsing package and activity from app manifest
2025-03-28 05:37:36:000 [e37678f2][AndroidUiautomator2Driver@63a5] Pushing settings apk to the device...
2025-03-28 05:37:36:001 [e37678f2][ADB] Getting package info for 'io.appium.settings'
2025-03-28 05:37:36:001 [e37678f2][ADB] Running '/Users/raj/Library/Android/sdk/platform-tools/adb -P 5037 -s DQE6O78HZP9HPF5H shell dumpsys package io.appium.settings'
2025-03-28 05:37:36:002 [e37678f2][ADB] Using 'aapt2' from '/Users/raj/Library/Android/sdk/build-tools/35.0.0/aapt2'
2025-03-28 05:37:36:002 [e37678f2][ADB] Reading package manifest: '/Users/raj/Library/Android/sdk/build-tools/35.0.0/aapt2 dump badging /Users/raj/Downloads/AppreciateMobileAutomationNewUI_Investment_Final_Updated/src/test/resources/App/Prod/AppreciateProd.apk'
2025-03-28 05:37:36:121 [e37678f2][ADB] Package name: 'com.appreciatewealth.android'
2025-03-28 05:37:36:121 [e37678f2][ADB] Main activity name: 'com.appreciatewealth.android.activity.startup.SplashScreen'
2025-03-28 05:37:36:121 [e37678f2][AndroidUiautomator2Driver@63a5] Parsed package and activity are: com.appreciatewealth.android/com.appreciatewealth.android.activity.startup.SplashScreen
2025-03-28 05:37:36:423 [e37678f2][ADB] Reading package manifest: '/Users/raj/Library/Android/sdk/build-tools/35.0.0/aapt2 dump badging /Users/raj/.appium/node_modules/appium-uiautomator2-driver/node_modules/io.appium.settings/apks/settings_apk-debug.apk'
2025-03-28 05:37:36:453 [e37678f2][ADB] The version name of the installed 'io.appium.settings' is greater or equal to the application version name ('5.12.8' >= '5.12.8')
2025-03-28 05:37:36:453 [e37678f2][ADB] There is no need to install/upgrade '/Users/raj/.appium/node_modules/appium-uiautomator2-driver/node_modules/io.appium.settings/apks/settings_apk-debug.apk'
2025-03-28 05:37:36:453 [e37678f2][ADB] Running '/Users/raj/Library/Android/sdk/platform-tools/adb -P 5037 -s DQE6O78HZP9HPF5H shell dumpsys activity services io.appium.settings'
2025-03-28 05:37:36:514 [e37678f2][AndroidUiautomator2Driver@63a5] io.appium.settings is already running. There is no need to reset its permissions.
2025-03-28 05:37:36:514 [e37678f2][Logcat] Starting logs capture with command: /Users/raj/Library/Android/sdk/platform-tools/adb -P 5037 -s DQE6O78HZP9HPF5H logcat -v threadtime
2025-03-28 05:37:36:516 [e37678f2][ADB] Running '/Users/raj/Library/Android/sdk/platform-tools/adb -P 5037 -s DQE6O78HZP9HPF5H shell appops set io.appium.settings android:mock_location allow'
2025-03-28 05:37:36:606 [e37678f2][ADB] Running '/Users/raj/Library/Android/sdk/platform-tools/adb -P 5037 -s DQE6O78HZP9HPF5H shell "[ -e '/data/local/tmp/mock_apps.json' ] && echo __PASS__"'
2025-03-28 05:37:36:652 [e37678f2][ADB] Running '/Users/raj/Library/Android/sdk/platform-tools/adb -P 5037 -s DQE6O78HZP9HPF5H shell cat /data/local/tmp/mock_apps.json'
2025-03-28 05:37:36:716 [e37678f2][AndroidUiautomator2Driver@63a5] Forwarding UiAutomator2 Server port 6790 to local port 8201
2025-03-28 05:37:36:716 [e37678f2][ADB] Forwarding system: 8201 to device: 6790
2025-03-28 05:37:36:716 [e37678f2][ADB] Running '/Users/raj/Library/Android/sdk/platform-tools/adb -P 5037 -s DQE6O78HZP9HPF5H forward tcp:8201 tcp:6790'
2025-03-28 05:37:36:732 [e37678f2][ADB] Getting package info for 'io.appium.uiautomator2.server'
2025-03-28 05:37:36:732 [e37678f2][ADB] Running '/Users/raj/Library/Android/sdk/platform-tools/adb -P 5037 -s DQE6O78HZP9HPF5H shell dumpsys package io.appium.uiautomator2.server'
2025-03-28 05:37:36:732 [e37678f2][ADB] Getting install status for io.appium.uiautomator2.server.test
2025-03-28 05:37:36:733 [e37678f2][ADB] Getting install status for com.appreciatewealth.android.uat
2025-03-28 05:37:36:733 [e37678f2][ADB] Running '/Users/raj/Library/Android/sdk/platform-tools/adb -P 5037 -s DQE6O78HZP9HPF5H shell cmd package list packages'
2025-03-28 05:37:36:733 [e37678f2][ADB] Running '/Users/raj/Library/Android/sdk/platform-tools/adb -P 5037 -s DQE6O78HZP9HPF5H shell cmd package list packages'
2025-03-28 05:37:36:828 [e37678f2][ADB] 'io.appium.uiautomator2.server.test' is installed
2025-03-28 05:37:36:853 [e37678f2][ADB] Reading package manifest: '/Users/raj/Library/Android/sdk/build-tools/35.0.0/aapt2 dump badging /Users/raj/.appium/node_modules/appium-uiautomator2-driver/node_modules/appium-uiautomator2-server/apks/appium-uiautomator2-server-v7.0.21.apk'
2025-03-28 05:37:36:854 [e37678f2][ADB] 'com.appreciatewealth.android.uat' is installed
2025-03-28 05:37:36:854 [e37678f2][AndroidUiautomator2Driver@63a5] noReset has been requested and the app is already installed. Doing nothing
2025-03-28 05:37:36:916 [e37678f2][ADB] The version name of the installed 'io.appium.uiautomator2.server' is greater or equal to the application version name ('7.0.21' >= '7.0.21')
2025-03-28 05:37:36:916 [e37678f2][AndroidUiautomator2Driver@63a5] Server packages status: [{"installState":"sameVersionInstalled","appPath":"/Users/raj/.appium/node_modules/appium-uiautomator2-driver/node_modules/appium-uiautomator2-server/apks/appium-uiautomator2-server-v7.0.21.apk","appId":"io.appium.uiautomator2.server"},{"installState":"sameVersionInstalled","appPath":"/Users/raj/.appium/node_modules/appium-uiautomator2-driver/node_modules/appium-uiautomator2-server/apks/appium-uiautomator2-server-debug-androidTest.apk","appId":"io.appium.uiautomator2.server.test"}]
2025-03-28 05:37:36:916 [e37678f2][AndroidUiautomator2Driver@63a5] Server packages are not going to be (re)installed
2025-03-28 05:37:36:916 [e37678f2][AndroidUiautomator2Driver@63a5] Waiting up to 30000ms for services to be available
2025-03-28 05:37:36:916 [e37678f2][ADB] Running '/Users/raj/Library/Android/sdk/platform-tools/adb -P 5037 -s DQE6O78HZP9HPF5H shell pm list instrumentation'
2025-03-28 05:37:37:000 [e37678f2][AndroidUiautomator2Driver@63a5] Instrumentation target 'io.appium.uiautomator2.server.test/androidx.test.runner.AndroidJUnitRunner' is available
2025-03-28 05:37:37:001 [e37678f2][ADB] Adding packages ["io.appium.settings","io.appium.uiautomator2.server","io.appium.uiautomator2.server.test"] to Doze whitelist
2025-03-28 05:37:37:001 [e37678f2][ADB] Got the following command chunks to execute: [["dumpsys","deviceidle","whitelist","+io.appium.settings",";","dumpsys","deviceidle","whitelist","+io.appium.uiautomator2.server",";","dumpsys","deviceidle","whitelist","+io.appium.uiautomator2.server.test",";"]]
2025-03-28 05:37:37:001 [e37678f2][ADB] Running '/Users/raj/Library/Android/sdk/platform-tools/adb -P 5037 -s DQE6O78HZP9HPF5H shell dumpsys deviceidle whitelist +io.appium.settings ; dumpsys deviceidle whitelist +io.appium.uiautomator2.server ; dumpsys deviceidle whitelist +io.appium.uiautomator2.server.test ;'
2025-03-28 05:37:37:134 [e37678f2][AndroidUiautomator2Driver@63a5] Performing shallow cleanup of automation leftovers
2025-03-28 05:37:37:178 [e37678f2][AndroidUiautomator2Driver@63a5] The following obsolete sessions are still running: ["4e8846a8-8506-4469-98c9-aaf0c51a3f6a"]
2025-03-28 05:37:37:180 [e37678f2][AndroidUiautomator2Driver@63a5] Cleaning up 1 obsolete session
2025-03-28 05:37:38:202 [e37678f2][ADB] Running '/Users/raj/Library/Android/sdk/platform-tools/adb -P 5037 -s DQE6O78HZP9HPF5H shell am force-stop io.appium.uiautomator2.server'
2025-03-28 05:37:38:205 [e37678f2][ADB] Running '/Users/raj/Library/Android/sdk/platform-tools/adb -P 5037 -s DQE6O78HZP9HPF5H shell am force-stop io.appium.uiautomator2.server.test'
2025-03-28 05:37:38:402 [e37678f2][AndroidUiautomator2Driver@63a5] Starting UIAutomator2 server 7.0.21
2025-03-28 05:37:38:402 [e37678f2][AndroidUiautomator2Driver@63a5] Using UIAutomator2 server from '/Users/raj/.appium/node_modules/appium-uiautomator2-driver/node_modules/appium-uiautomator2-server/apks/appium-uiautomator2-server-v7.0.21.apk' and test from '/Users/raj/.appium/node_modules/appium-uiautomator2-driver/node_modules/appium-uiautomator2-server/apks/appium-uiautomator2-server-debug-androidTest.apk'
2025-03-28 05:37:38:402 [e37678f2][AndroidUiautomator2Driver@63a5] Waiting up to 30000ms for UiAutomator2 to be online...
2025-03-28 05:37:38:402 [e37678f2][ADB] Creating ADB subprocess with args: ["-P","5037","-s","DQE6O78HZP9HPF5H","shell","am","instrument","-w","-e","disableAnalytics","true","io.appium.uiautomator2.server.test/androidx.test.runner.AndroidJUnitRunner"]
2025-03-28 05:37:38:405 [e37678f2][AndroidUiautomator2Driver@63a5] Matched '/status' to command name 'getStatus'
2025-03-28 05:37:38:405 [e37678f2][AndroidUiautomator2Driver@63a5] Proxying [GET /status] to [GET http://127.0.0.1:8201/status] with no body
2025-03-28 05:37:38:433 [e37678f2][AndroidUiautomator2Driver@63a5] socket hang up
2025-03-28 05:37:39:434 [e37678f2][AndroidUiautomator2Driver@63a5] Matched '/status' to command name 'getStatus'
2025-03-28 05:37:39:434 [e37678f2][AndroidUiautomator2Driver@63a5] Proxying [GET /status] to [GET http://127.0.0.1:8201/status] with no body
2025-03-28 05:37:39:443 [e37678f2][AndroidUiautomator2Driver@63a5] socket hang up
2025-03-28 05:37:40:314 [e37678f2][AndroidUiautomator2Driver@63a5] [Instrumentation] 
2025-03-28 05:37:40:445 [e37678f2][AndroidUiautomator2Driver@63a5] Matched '/status' to command name 'getStatus'
2025-03-28 05:37:40:446 [e37678f2][AndroidUiautomator2Driver@63a5] Proxying [GET /status] to [GET http://127.0.0.1:8201/status] with no body
2025-03-28 05:37:40:457 [e37678f2][AndroidUiautomator2Driver@63a5] socket hang up
2025-03-28 05:37:41:459 [e37678f2][AndroidUiautomator2Driver@63a5] Matched '/status' to command name 'getStatus'
2025-03-28 05:37:41:460 [e37678f2][AndroidUiautomator2Driver@63a5] Proxying [GET /status] to [GET http://127.0.0.1:8201/status] with no body
2025-03-28 05:37:41:470 [e37678f2][AndroidUiautomator2Driver@63a5] socket hang up
2025-03-28 05:37:42:473 [e37678f2][AndroidUiautomator2Driver@63a5] Matched '/status' to command name 'getStatus'
2025-03-28 05:37:42:473 [e37678f2][AndroidUiautomator2Driver@63a5] Proxying [GET /status] to [GET http://127.0.0.1:8201/status] with no body
2025-03-28 05:37:42:541 [e37678f2][AndroidUiautomator2Driver@63a5] Got response with status 200: {"sessionId":"None","value":{"message":"UiAutomator2 Server is ready to accept commands","ready":true}}
2025-03-28 05:37:42:542 [e37678f2][AndroidUiautomator2Driver@63a5] The initialization of the instrumentation process took 4139ms
2025-03-28 05:37:42:543 [e37678f2][AndroidUiautomator2Driver@63a5] Matched '/session' to command name 'createSession'
2025-03-28 05:37:42:543 [e37678f2][AndroidUiautomator2Driver@63a5] Proxying [POST /session] to [POST http://127.0.0.1:8201/session] with body: {"capabilities":{"firstMatch":[{"platformName":"ANDROID","app":"/Users/raj/Downloads/AppreciateMobileAutomationNewUI_Investment_Final_Updated/src/test/resources/App/Prod/AppreciateProd.apk","appPackage":"com.appreciatewealth.android.uat","automationName":"UiAutomator2","deviceName":"DQE6O78HZP9HPF5H","fullReset":false,"noReset":true,"resetKeyboard":false,"udid":"DQE6O78HZP9HPF5H","unicodeKeyboard":false,"platform":"LINUX","webStorageEnabled":false,"takesScreenshot":true,"javascriptEnabled":true,"databaseEnabled":false,"networkConnectionEnabled":true,"locationContextEnabled":false,"warnings":{},"desired":{"platformName":"ANDROID","app":"/Users/raj/Downloads/AppreciateMobileAutomationNewUI_Investment_Final_Updated/src/test/resources/App/Prod/AppreciateProd.apk","appPackage":"com.appreciatewealth.android.uat","automationName":"UiAutomator2","deviceName":"POCO C65","fullReset":false,"noReset":true,"resetKeyboard":false,"udid":"DQE6O78HZP9HPF5H","unicodeKeyboard":false},"deviceUDID":"DQE6O78HZP9HPF5H"}],"always...
2025-03-28 05:37:42:590 [e37678f2][AndroidUiautomator2Driver@63a5] Got response with status 200: {"sessionId":"ed5ccc4f-400f-4573-929a-55a4bc75ce22","value":{"capabilities":{"firstMatch":[{"platformName":"ANDROID","app":"/Users/raj/Downloads/AppreciateMobileAutomationNewUI_Investment_Final_Updated/src/test/resources/App/Prod/AppreciateProd.apk","appPackage":"com.appreciatewealth.android.uat","automationName":"UiAutomator2","deviceName":"DQE6O78HZP9HPF5H","fullReset":false,"noReset":true,"resetKeyboard":false,"udid":"DQE6O78HZP9HPF5H","unicodeKeyboard":false,"platform":"LINUX","webStorageEnabled":false,"takesScreenshot":true,"javascriptEnabled":true,"databaseEnabled":false,"networkConnectionEnabled":true,"locationContextEnabled":false,"warnings":{},"desired":{"platformName":"ANDROID","app":"/Users/raj/Downloads/AppreciateMobileAutomationNewUI_Investment_Final_Updated/src/test/resources/App/Prod/AppreciateProd.apk","appPackage":"com.appreciatewealth.android.uat","automationName":"UiAutomator2","deviceName":"POCO C65","fullReset":false,"noReset":true,"resetKeyboard":false,"udid":"DQE6O78HZP9HPF5H","unico...
2025-03-28 05:37:42:591 [e37678f2][AndroidUiautomator2Driver@63a5] Determined the downstream protocol as 'W3C'
2025-03-28 05:37:42:617 [e37678f2][AndroidUiautomator2Driver@63a5] Proxying [GET /appium/device/pixel_ratio] to [GET http://127.0.0.1:8201/session/ed5ccc4f-400f-4573-929a-55a4bc75ce22/appium/device/pixel_ratio] with no body
2025-03-28 05:37:42:619 [e37678f2][AndroidUiautomator2Driver@63a5] Matched '/appium/device/system_bars' to command name 'getSystemBars'
2025-03-28 05:37:42:619 [e37678f2][AndroidUiautomator2Driver@63a5] Proxying [GET /appium/device/system_bars] to [GET http://127.0.0.1:8201/session/ed5ccc4f-400f-4573-929a-55a4bc75ce22/appium/device/system_bars] with no body
2025-03-28 05:37:42:620 [e37678f2][AndroidUiautomator2Driver@63a5] Matched '/window/current/size' to command name 'getWindowSize'
2025-03-28 05:37:42:620 [e37678f2][AndroidUiautomator2Driver@63a5] Proxying [GET /window/current/size] to [GET http://127.0.0.1:8201/session/ed5ccc4f-400f-4573-929a-55a4bc75ce22/window/current/size] with no body
2025-03-28 05:37:42:625 [e37678f2][AndroidUiautomator2Driver@63a5] Proxying [GET /appium/device/info] to [GET http://127.0.0.1:8201/session/ed5ccc4f-400f-4573-929a-55a4bc75ce22/appium/device/info] with no body
2025-03-28 05:37:42:626 [e37678f2][ADB] Running '/Users/raj/Library/Android/sdk/platform-tools/adb -P 5037 -s DQE6O78HZP9HPF5H shell dumpsys window'
2025-03-28 05:37:42:627 [e37678f2][ADB] Running '/Users/raj/Library/Android/sdk/platform-tools/adb -P 5037 -s DQE6O78HZP9HPF5H shell dumpsys power'
2025-03-28 05:37:42:643 [e37678f2][AndroidUiautomator2Driver@63a5] Got response with status 200: {"sessionId":"ed5ccc4f-400f-4573-929a-55a4bc75ce22","value":2}
2025-03-28 05:37:42:667 [e37678f2][AndroidUiautomator2Driver@63a5] Got response with status 200: {"sessionId":"ed5ccc4f-400f-4573-929a-55a4bc75ce22","value":{"statusBar":68}}
2025-03-28 05:37:42:675 [e37678f2][AndroidUiautomator2Driver@63a5] Got response with status 200: {"sessionId":"ed5ccc4f-400f-4573-929a-55a4bc75ce22","value":{"height":1600,"width":720}}
2025-03-28 05:37:42:742 [e37678f2][AndroidUiautomator2Driver@63a5] Got response with status 200: {"sessionId":"ed5ccc4f-400f-4573-929a-55a4bc75ce22","value":{"androidId":"4b0c260a01cbea40","apiVersion":"35","bluetooth":{"state":"OFF"},"brand":"POCO","carrierName":"JIO 4G","displayDensity":320,"locale":"en_IN","manufacturer":"Xiaomi","model":"2310FPCA4I","networks":[{"capabilities":{"SSID":null,"linkDownBandwidthKbps":14,"linkUpstreamBandwidthKbps":14,"networkCapabilities":"NET_CAPABILITY_IMS,NET_CAPABILITY_NOT_METERED,NET_CAPABILITY_TRUSTED,NET_CAPABILITY_NOT_VPN,NET_CAPABILITY_VALIDATED,NET_CAPABILITY_NOT_ROAMING,NET_CAPABILITY_FOREGROUND,NET_CAPABILITY_NOT_CONGESTED,NET_CAPABILITY_NOT_SUSPENDED","signalStrength":-2147483648,"transportTypes":"TRANSPORT_CELLULAR"},"detailedState":"CONNECTED","extraInfo":"ims","isAvailable":true,"isConnected":true,"isFailover":false,"isRoaming":false,"state":"CONNECTED","subtype":18,"subtypeName":"IWLAN","type":0,"typeName":"MOBILE"},{"capabilities":{"SSID":null,"linkDownBandwidthKbps":60000,"linkUpstreamBandwidthKbps":12000,"networkCapabilities":"NET_CAPABILITY_NOT_ME...
2025-03-28 05:37:42:827 [e37678f2][AndroidUiautomator2Driver@63a5] Screen already unlocked, doing nothing
2025-03-28 05:37:42:827 [e37678f2][AndroidUiautomator2Driver@63a5] Starting 'com.appreciatewealth.android.uat/com.appreciatewealth.android.activity.startup.SplashScreen and waiting for 'com.appreciatewealth.android.uat/com.appreciatewealth.android.activity.startup.SplashScreen'
2025-03-28 05:37:42:828 [e37678f2][ADB] Getting IDs of all 'com.appreciatewealth.android.uat' processes
2025-03-28 05:37:42:828 [e37678f2][ADB] Running '/Users/raj/Library/Android/sdk/platform-tools/adb -P 5037 -s DQE6O78HZP9HPF5H shell 'pgrep --help; echo $?''
2025-03-28 05:37:42:900 [e37678f2][ADB] Running '/Users/raj/Library/Android/sdk/platform-tools/adb -P 5037 -s DQE6O78HZP9HPF5H shell pgrep -f \(\[\[:blank:\]\]\|\^\)com\.appreciatewealth\.android\.uat\(\[\[:blank:\]\]\|\$\)'
2025-03-28 05:37:43:056 [e37678f2][ADB] Running '/Users/raj/Library/Android/sdk/platform-tools/adb -P 5037 -s DQE6O78HZP9HPF5H shell am start -W -n com.appreciatewealth.android.uat/com.appreciatewealth.android.activity.startup.SplashScreen -S -a android.intent.action.MAIN -c android.intent.category.LAUNCHER -f 0x10200000'
2025-03-28 05:37:48:261 [e37678f2][ADB] Waiting up to 20000ms for activity matching pkg: 'com.appreciatewealth.android.uat' and activity: 'com.appreciatewealth.android.activity.startup.SplashScreen' to be focused
2025-03-28 05:37:48:261 [e37678f2][ADB] Possible activities, to be checked: 'com.appreciatewealth.android.activity.startup.SplashScreen', 'com.appreciatewealth.android.uat.com.appreciatewealth.android.activity.startup.SplashScreen'
2025-03-28 05:37:48:262 [e37678f2][ADB] Getting focused package and activity
2025-03-28 05:37:48:263 [e37678f2][ADB] Running '/Users/raj/Library/Android/sdk/platform-tools/adb -P 5037 -s DQE6O78HZP9HPF5H shell dumpsys window displays'
2025-03-28 05:37:48:421 [e37678f2][ADB] Found package: 'com.appreciatewealth.android.uat' and fully qualified activity name : 'com.appreciatewealth.android.activity.startup.SplashScreen'
2025-03-28 05:37:48:422 [e37678f2][AppiumDriver@c8da] New AndroidUiautomator2Driver session created successfully, session e37678f2-5bae-4c8b-b21e-9419e36fb759 added to master session list
2025-03-28 05:37:48:423 [e37678f2][AppiumDriver@c8da] Event 'newSessionStarted' logged at 1743140268423 (11:07:48 GMT+0530 (India Standard Time))
2025-03-28 05:37:48:423 [e37678f2][AndroidUiautomator2Driver@63a5] Cached the protocol value 'W3C' for the new session e37678f2-5bae-4c8b-b21e-9419e36fb759
2025-03-28 05:37:48:424 [e37678f2][AndroidUiautomator2Driver@63a5] Responding to client with driver.createSession() result: {"capabilities":{"platformName":"ANDROID","app":"/Users/raj/Downloads/AppreciateMobileAutomationNewUI_Investment_Final_Updated/src/test/resources/App/Prod/AppreciateProd.apk","appPackage":"com.appreciatewealth.android.uat","automationName":"UiAutomator2","deviceName":"DQE6O78HZP9HPF5H","fullReset":false,"noReset":true,"resetKeyboard":false,"udid":"DQE6O78HZP9HPF5H","unicodeKeyboard":false,"platform":"LINUX","webStorageEnabled":false,"takesScreenshot":true,"javascriptEnabled":true,"databaseEnabled":false,"networkConnectionEnabled":true,"locationContextEnabled":false,"warnings":{},"desired":{"platformName":"ANDROID","app":"/Users/raj/Downloads/AppreciateMobileAutomationNewUI_Investment_Final_Updated/src/test/resources/App/Prod/AppreciateProd.apk","appPackage":"com.appreciatewealth.android.uat","automationName":"UiAutomator2","deviceName":"POCO C65","fullReset":false,"noReset":true,"resetKeyboard":false,"udid":"DQE6O78HZP9HPF5H","unicodeKeyboard":false},"deviceUDID":"DQE6O78HZP9HPF5H","pixelRatio":"2","statBa...
2025-03-28 05:37:48:425 [e37678f2][HTTP] <-- POST /session 200 12986 ms - 1312 
2025-03-28 05:37:48:483 [e37678f2][HTTP] --> DELETE /session/e37678f2-5bae-4c8b-b21e-9419e36fb759 {}
2025-03-28 05:37:48:483 [e37678f2][AndroidUiautomator2Driver@63a5] Calling AppiumDriver.deleteSession() with args: ["e37678f2-5bae-4c8b-b21e-9419e36fb759"]
2025-03-28 05:37:48:483 [e37678f2][AppiumDriver@c8da] Event 'quitSessionRequested' logged at 1743140268483 (11:07:48 GMT+0530 (India Standard Time))
2025-03-28 05:37:48:483 [e37678f2][AppiumDriver@c8da] Removing session e37678f2-5bae-4c8b-b21e-9419e36fb759 from our master session list
2025-03-28 05:37:48:483 [e37678f2][AndroidUiautomator2Driver@63a5] Deleting UiAutomator2 session
2025-03-28 05:37:48:484 [e37678f2][AndroidUiautomator2Driver@63a5] Deleting UiAutomator2 server session
2025-03-28 05:37:48:484 [e37678f2][AndroidUiautomator2Driver@63a5] Matched '/' to command name 'deleteSession'
2025-03-28 05:37:48:484 [e37678f2][AndroidUiautomator2Driver@63a5] Proxying [DELETE /] to [DELETE http://127.0.0.1:8201/session/ed5ccc4f-400f-4573-929a-55a4bc75ce22] with no body
2025-03-28 05:37:48:568 [e37678f2][AndroidUiautomator2Driver@63a5] Got response with status 200: {"sessionId":"ed5ccc4f-400f-4573-929a-55a4bc75ce22","value":null}
2025-03-28 05:37:48:569 [e37678f2][AndroidUiautomator2Driver@63a5] [Instrumentation] io.appium.uiautomator2.server.test.AppiumUiAutomator2Server:
2025-03-28 05:37:48:569 [e37678f2][AndroidUiautomator2Driver@63a5] [Instrumentation] The process has exited with code null, signal SIGTERM
2025-03-28 05:37:48:569 [e37678f2][ADB] Running '/Users/raj/Library/Android/sdk/platform-tools/adb -P 5037 -s DQE6O78HZP9HPF5H shell dumpsys activity services io.appium.settings/.recorder.RecorderService'
2025-03-28 05:37:48:571 [e37678f2][ADB] Removing forwarded port socket connection: 8201 
2025-03-28 05:37:48:571 [e37678f2][ADB] Running '/Users/raj/Library/Android/sdk/platform-tools/adb -P 5037 -s DQE6O78HZP9HPF5H forward --remove tcp:8201'
2025-03-28 05:37:48:582 [e37678f2][AndroidUiautomator2Driver@63a5] Restoring hidden api policy to the device default configuration
2025-03-28 05:37:48:582 [e37678f2][ADB] Running '/Users/raj/Library/Android/sdk/platform-tools/adb -P 5037 -s DQE6O78HZP9HPF5H shell 'settings delete global hidden_api_policy_pre_p_apps;settings delete global hidden_api_policy_p_apps;settings delete global hidden_api_policy''
2025-03-28 05:37:48:947 [e37678f2][Logcat] Stopping logcat capture
2025-03-28 05:37:48:950 [e37678f2][AppiumDriver@c8da] Event 'quitSessionFinished' logged at 1743140268949 (11:07:48 GMT+0530 (India Standard Time))
2025-03-28 05:37:48:950 [e37678f2][AppiumDriver@c8da] Received response: null
2025-03-28 05:37:48:950 [e37678f2][AppiumDriver@c8da] But deleting session, so not returning
2025-03-28 05:37:48:950 [e37678f2][AppiumDriver@c8da] Responding to client with driver.deleteSession() result: null
2025-03-28 05:37:48:952 [e37678f2][HTTP] <-- DELETE /session/e37678f2-5bae-4c8b-b21e-9419e36fb759 200 468 ms - 14 
2025-03-28 05:37:48:968 [Appium] Received SIGTERM - shutting down
2025-03-28 05:37:48:968 [AppiumDriver@c8da] There are no active sessions for cleanup
2025-03-28 05:37:48:971 uncaughtException: write EPIPE
Error: write EPIPE
    at afterWriteDispatched (node:internal/stream_base_commons:159:15)
    at writeGeneric (node:internal/stream_base_commons:150:3)
    at Socket._writeGeneric (node:net:971:11)
    at Socket._write (node:net:983:8)
    at writeOrBuffer (node:internal/streams/writable:570:12)
    at _write (node:internal/streams/writable:499:10)
    at Socket.Writable.write (node:internal/streams/writable:508:10)
    at Console.log (/opt/homebrew/lib/node_modules/appium/node_modules/winston/lib/winston/transports/console.js:87:23)
    at Console._write (/opt/homebrew/lib/node_modules/appium/node_modules/winston-transport/modern.js:103:17)
    at doWrite (/opt/homebrew/lib/node_modules/appium/node_modules/winston-transport/node_modules/readable-stream/lib/_stream_writable.js:390:139)
    at writeOrBuffer (/opt/homebrew/lib/node_modules/appium/node_modules/winston-transport/node_modules/readable-stream/lib/_stream_writable.js:381:5)
    at Console.Writable.write (/opt/homebrew/lib/node_modules/appium/node_modules/winston-transport/node_modules/readable-stream/lib/_stream_writable.js:302:11)
    at DerivedLogger.ondata (/opt/homebrew/lib/node_modules/appium/node_modules/winston/node_modules/readable-stream/lib/_stream_readable.js:629:20)
    at DerivedLogger.emit (node:events:519:35)
    at addChunk (/opt/homebrew/lib/node_modules/appium/node_modules/winston/node_modules/readable-stream/lib/_stream_readable.js:279:12)
    at readableAddChunk (/opt/homebrew/lib/node_modules/appium/node_modules/winston/node_modules/readable-stream/lib/_stream_readable.js:262:11)
    at DerivedLogger.Readable.push (/opt/homebrew/lib/node_modules/appium/node_modules/winston/node_modules/readable-stream/lib/_stream_readable.js:228:10)
    at DerivedLogger.Transform.push (/opt/homebrew/lib/node_modules/appium/node_modules/winston/node_modules/readable-stream/lib/_stream_transform.js:132:32)
    at DerivedLogger._transform (/opt/homebrew/lib/node_modules/appium/node_modules/winston/lib/winston/logger.js:314:12)
    at DerivedLogger.Transform._read (/opt/homebrew/lib/node_modules/appium/node_modules/winston/node_modules/readable-stream/lib/_stream_transform.js:166:10)
    at DerivedLogger.Transform._write (/opt/homebrew/lib/node_modules/appium/node_modules/winston/node_modules/readable-stream/lib/_stream_transform.js:155:83)
    at doWrite (/opt/homebrew/lib/node_modules/appium/node_modules/winston/node_modules/readable-stream/lib/_stream_writable.js:390:139)
    at writeOrBuffer (/opt/homebrew/lib/node_modules/appium/node_modules/winston/node_modules/readable-stream/lib/_stream_writable.js:381:5)
    at DerivedLogger.Writable.write (/opt/homebrew/lib/node_modules/appium/node_modules/winston/node_modules/readable-stream/lib/_stream_writable.js:302:11)
    at DerivedLogger.<computed> [as info] (/opt/homebrew/lib/node_modules/appium/node_modules/winston/lib/winston/create-logger.js:81:14)
    at Log.<anonymous> (/opt/homebrew/lib/node_modules/appium/lib/logsink.js:88:65)
    at Log.emit (node:events:507:28)
    at Log.log (/opt/homebrew/lib/node_modules/appium/node_modules/@appium/logger/lib/log.ts:258:10)
2025-03-28 05:37:48:972 uncaughtException: write EPIPE
Error: write EPIPE
    at afterWriteDispatched (node:internal/stream_base_commons:159:15)
    at writeGeneric (node:internal/stream_base_commons:150:3)
    at Socket._writeGeneric (node:net:971:11)
    at Socket._write (node:net:983:8)
    at writeOrBuffer (node:internal/streams/writable:570:12)
    at _write (node:internal/streams/writable:499:10)
    at Socket.Writable.write (node:internal/streams/writable:508:10)
    at Console.log (/opt/homebrew/lib/node_modules/appium/node_modules/winston/lib/winston/transports/console.js:59:25)
    at Console._write (/opt/homebrew/lib/node_modules/appium/node_modules/winston-transport/modern.js:103:17)
    at doWrite (/opt/homebrew/lib/node_modules/appium/node_modules/winston-transport/node_modules/readable-stream/lib/_stream_writable.js:390:139)
    at writeOrBuffer (/opt/homebrew/lib/node_modules/appium/node_modules/winston-transport/node_modules/readable-stream/lib/_stream_writable.js:381:5)
    at Console.Writable.write (/opt/homebrew/lib/node_modules/appium/node_modules/winston-transport/node_modules/readable-stream/lib/_stream_writable.js:302:11)
    at DerivedLogger.ondata (/opt/homebrew/lib/node_modules/appium/node_modules/winston/node_modules/readable-stream/lib/_stream_readable.js:629:20)
    at DerivedLogger.emit (node:events:519:35)
    at addChunk (/opt/homebrew/lib/node_modules/appium/node_modules/winston/node_modules/readable-stream/lib/_stream_readable.js:279:12)
    at readableAddChunk (/opt/homebrew/lib/node_modules/appium/node_modules/winston/node_modules/readable-stream/lib/_stream_readable.js:262:11)
    at DerivedLogger.Readable.push (/opt/homebrew/lib/node_modules/appium/node_modules/winston/node_modules/readable-stream/lib/_stream_readable.js:228:10)
    at DerivedLogger.Transform.push (/opt/homebrew/lib/node_modules/appium/node_modules/winston/node_modules/readable-stream/lib/_stream_transform.js:132:32)
    at DerivedLogger._transform (/opt/homebrew/lib/node_modules/appium/node_modules/winston/lib/winston/logger.js:314:12)
    at DerivedLogger.Transform._read (/opt/homebrew/lib/node_modules/appium/node_modules/winston/node_modules/readable-stream/lib/_stream_transform.js:166:10)
    at DerivedLogger.Transform._write (/opt/homebrew/lib/node_modules/appium/node_modules/winston/node_modules/readable-stream/lib/_stream_transform.js:155:83)
    at doWrite (/opt/homebrew/lib/node_modules/appium/node_modules/winston/node_modules/readable-stream/lib/_stream_writable.js:390:139)
    at writeOrBuffer (/opt/homebrew/lib/node_modules/appium/node_modules/winston/node_modules/readable-stream/lib/_stream_writable.js:381:5)
    at DerivedLogger.Writable.write (/opt/homebrew/lib/node_modules/appium/node_modules/winston/node_modules/readable-stream/lib/_stream_writable.js:302:11)
    at DerivedLogger.log (/opt/homebrew/lib/node_modules/appium/node_modules/winston/lib/winston/logger.js:216:12)
    at ExceptionHandler._uncaughtException (/opt/homebrew/lib/node_modules/appium/node_modules/winston/lib/winston/exception-handler.js:220:17)
    at process.emit (node:events:507:28)
    at process.emit (/opt/homebrew/lib/node_modules/appium/node_modules/source-map-support/source-map-support.js:516:21)
2025-03-28 05:37:48:972 uncaughtException: write EPIPE
Error: write EPIPE
    at afterWriteDispatched (node:internal/stream_base_commons:159:15)
    at writeGeneric (node:internal/stream_base_commons:150:3)
    at Socket._writeGeneric (node:net:971:11)
    at Socket._write (node:net:983:8)
    at writeOrBuffer (node:internal/streams/writable:570:12)
    at _write (node:internal/streams/writable:499:10)
    at Socket.Writable.write (node:internal/streams/writable:508:10)
    at Console.log (/opt/homebrew/lib/node_modules/appium/node_modules/winston/lib/winston/transports/console.js:59:25)
    at Console._write (/opt/homebrew/lib/node_modules/appium/node_modules/winston-transport/modern.js:103:17)
    at doWrite (/opt/homebrew/lib/node_modules/appium/node_modules/winston-transport/node_modules/readable-stream/lib/_stream_writable.js:390:139)
    at writeOrBuffer (/opt/homebrew/lib/node_modules/appium/node_modules/winston-transport/node_modules/readable-stream/lib/_stream_writable.js:381:5)
    at Console.Writable.write (/opt/homebrew/lib/node_modules/appium/node_modules/winston-transport/node_modules/readable-stream/lib/_stream_writable.js:302:11)
    at DerivedLogger.ondata (/opt/homebrew/lib/node_modules/appium/node_modules/winston/node_modules/readable-stream/lib/_stream_readable.js:629:20)
    at DerivedLogger.emit (node:events:519:35)
    at addChunk (/opt/homebrew/lib/node_modules/appium/node_modules/winston/node_modules/readable-stream/lib/_stream_readable.js:279:12)
    at readableAddChunk (/opt/homebrew/lib/node_modules/appium/node_modules/winston/node_modules/readable-stream/lib/_stream_readable.js:262:11)
    at DerivedLogger.Readable.push (/opt/homebrew/lib/node_modules/appium/node_modules/winston/node_modules/readable-stream/lib/_stream_readable.js:228:10)
    at DerivedLogger.Transform.push (/opt/homebrew/lib/node_modules/appium/node_modules/winston/node_modules/readable-stream/lib/_stream_transform.js:132:32)
    at DerivedLogger._transform (/opt/homebrew/lib/node_modules/appium/node_modules/winston/lib/winston/logger.js:314:12)
    at DerivedLogger.Transform._read (/opt/homebrew/lib/node_modules/appium/node_modules/winston/node_modules/readable-stream/lib/_stream_transform.js:166:10)
    at DerivedLogger.Transform._write (/opt/homebrew/lib/node_modules/appium/node_modules/winston/node_modules/readable-stream/lib/_stream_transform.js:155:83)
    at doWrite (/opt/homebrew/lib/node_modules/appium/node_modules/winston/node_modules/readable-stream/lib/_stream_writable.js:390:139)
    at writeOrBuffer (/opt/homebrew/lib/node_modules/appium/node_modules/winston/node_modules/readable-stream/lib/_stream_writable.js:381:5)
    at DerivedLogger.Writable.write (/opt/homebrew/lib/node_modules/appium/node_modules/winston/node_modules/readable-stream/lib/_stream_writable.js:302:11)
    at DerivedLogger.log (/opt/homebrew/lib/node_modules/appium/node_modules/winston/lib/winston/logger.js:216:12)
    at ExceptionHandler._uncaughtException (/opt/homebrew/lib/node_modules/appium/node_modules/winston/lib/winston/exception-handler.js:220:17)
    at process.emit (node:events:507:28)
    at process.emit (/opt/homebrew/lib/node_modules/appium/node_modules/source-map-support/source-map-support.js:516:21)
2025-03-28 05:37:48:973 uncaughtException: write EPIPE
Error: write EPIPE
    at afterWriteDispatched (node:internal/stream_base_commons:159:15)
    at writeGeneric (node:internal/stream_base_commons:150:3)
    at Socket._writeGeneric (node:net:971:11)
    at Socket._write (node:net:983:8)
    at writeOrBuffer (node:internal/streams/writable:570:12)
    at _write (node:internal/streams/writable:499:10)
    at Socket.Writable.write (node:internal/streams/writable:508:10)
    at Console.log (/opt/homebrew/lib/node_modules/appium/node_modules/winston/lib/winston/transports/console.js:59:25)
    at Console._write (/opt/homebrew/lib/node_modules/appium/node_modules/winston-transport/modern.js:103:17)
    at doWrite (/opt/homebrew/lib/node_modules/appium/node_modules/winston-transport/node_modules/readable-stream/lib/_stream_writable.js:390:139)
    at writeOrBuffer (/opt/homebrew/lib/node_modules/appium/node_modules/winston-transport/node_modules/readable-stream/lib/_stream_writable.js:381:5)
    at Console.Writable.write (/opt/homebrew/lib/node_modules/appium/node_modules/winston-transport/node_modules/readable-stream/lib/_stream_writable.js:302:11)
    at DerivedLogger.ondata (/opt/homebrew/lib/node_modules/appium/node_modules/winston/node_modules/readable-stream/lib/_stream_readable.js:629:20)
    at DerivedLogger.emit (node:events:519:35)
    at addChunk (/opt/homebrew/lib/node_modules/appium/node_modules/winston/node_modules/readable-stream/lib/_stream_readable.js:279:12)
    at readableAddChunk (/opt/homebrew/lib/node_modules/appium/node_modules/winston/node_modules/readable-stream/lib/_stream_readable.js:262:11)
    at DerivedLogger.Readable.push (/opt/homebrew/lib/node_modules/appium/node_modules/winston/node_modules/readable-stream/lib/_stream_readable.js:228:10)
    at DerivedLogger.Transform.push (/opt/homebrew/lib/node_modules/appium/node_modules/winston/node_modules/readable-stream/lib/_stream_transform.js:132:32)
    at DerivedLogger._transform (/opt/homebrew/lib/node_modules/appium/node_modules/winston/lib/winston/logger.js:314:12)
    at DerivedLogger.Transform._read (/opt/homebrew/lib/node_modules/appium/node_modules/winston/node_modules/readable-stream/lib/_stream_transform.js:166:10)
    at DerivedLogger.Transform._write (/opt/homebrew/lib/node_modules/appium/node_modules/winston/node_modules/readable-stream/lib/_stream_transform.js:155:83)
    at doWrite (/opt/homebrew/lib/node_modules/appium/node_modules/winston/node_modules/readable-stream/lib/_stream_writable.js:390:139)
    at writeOrBuffer (/opt/homebrew/lib/node_modules/appium/node_modules/winston/node_modules/readable-stream/lib/_stream_writable.js:381:5)
    at DerivedLogger.Writable.write (/opt/homebrew/lib/node_modules/appium/node_modules/winston/node_modules/readable-stream/lib/_stream_writable.js:302:11)
    at DerivedLogger.log (/opt/homebrew/lib/node_modules/appium/node_modules/winston/lib/winston/logger.js:216:12)
    at ExceptionHandler._uncaughtException (/opt/homebrew/lib/node_modules/appium/node_modules/winston/lib/winston/exception-handler.js:220:17)
    at process.emit (node:events:507:28)
    at process.emit (/opt/homebrew/lib/node_modules/appium/node_modules/source-map-support/source-map-support.js:516:21)
2025-03-28 05:37:48:973 uncaughtException: write EPIPE
Error: write EPIPE
    at afterWriteDispatched (node:internal/stream_base_commons:159:15)
    at writeGeneric (node:internal/stream_base_commons:150:3)
    at Socket._writeGeneric (node:net:971:11)
    at Socket._write (node:net:983:8)
    at writeOrBuffer (node:internal/streams/writable:570:12)
    at _write (node:internal/streams/writable:499:10)
    at Socket.Writable.write (node:internal/streams/writable:508:10)
    at Console.log (/opt/homebrew/lib/node_modules/appium/node_modules/winston/lib/winston/transports/console.js:59:25)
    at Console._write (/opt/homebrew/lib/node_modules/appium/node_modules/winston-transport/modern.js:103:17)
    at doWrite (/opt/homebrew/lib/node_modules/appium/node_modules/winston-transport/node_modules/readable-stream/lib/_stream_writable.js:390:139)
    at writeOrBuffer (/opt/homebrew/lib/node_modules/appium/node_modules/winston-transport/node_modules/readable-stream/lib/_stream_writable.js:381:5)
    at Console.Writable.write (/opt/homebrew/lib/node_modules/appium/node_modules/winston-transport/node_modules/readable-stream/lib/_stream_writable.js:302:11)
    at DerivedLogger.ondata (/opt/homebrew/lib/node_modules/appium/node_modules/winston/node_modules/readable-stream/lib/_stream_readable.js:629:20)
    at DerivedLogger.emit (node:events:519:35)
    at addChunk (/opt/homebrew/lib/node_modules/appium/node_modules/winston/node_modules/readable-stream/lib/_stream_readable.js:279:12)
    at readableAddChunk (/opt/homebrew/lib/node_modules/appium/node_modules/winston/node_modules/readable-stream/lib/_stream_readable.js:262:11)
    at DerivedLogger.Readable.push (/opt/homebrew/lib/node_modules/appium/node_modules/winston/node_modules/readable-stream/lib/_stream_readable.js:228:10)
    at DerivedLogger.Transform.push (/opt/homebrew/lib/node_modules/appium/node_modules/winston/node_modules/readable-stream/lib/_stream_transform.js:132:32)
    at DerivedLogger._transform (/opt/homebrew/lib/node_modules/appium/node_modules/winston/lib/winston/logger.js:314:12)
    at DerivedLogger.Transform._read (/opt/homebrew/lib/node_modules/appium/node_modules/winston/node_modules/readable-stream/lib/_stream_transform.js:166:10)
    at DerivedLogger.Transform._write (/opt/homebrew/lib/node_modules/appium/node_modules/winston/node_modules/readable-stream/lib/_stream_transform.js:155:83)
    at doWrite (/opt/homebrew/lib/node_modules/appium/node_modules/winston/node_modules/readable-stream/lib/_stream_writable.js:390:139)
    at writeOrBuffer (/opt/homebrew/lib/node_modules/appium/node_modules/winston/node_modules/readable-stream/lib/_stream_writable.js:381:5)
    at DerivedLogger.Writable.write (/opt/homebrew/lib/node_modules/appium/node_modules/winston/node_modules/readable-stream/lib/_stream_writable.js:302:11)
    at DerivedLogger.log (/opt/homebrew/lib/node_modules/appium/node_modules/winston/lib/winston/logger.js:216:12)
    at ExceptionHandler._uncaughtException (/opt/homebrew/lib/node_modules/appium/node_modules/winston/lib/winston/exception-handler.js:220:17)
    at process.emit (node:events:507:28)
    at process.emit (/opt/homebrew/lib/node_modules/appium/node_modules/source-map-support/source-map-support.js:516:21)
