2023-09-15 12:15:40:995 [Appium] Welcome to Appium v2.1.3 (REV d4444b563e24ac7c05a93121c464c02dfa04d44f)
2023-09-15 12:15:40:996 [Appium] Non-default server args:
2023-09-15 12:15:40:997 [Appium] { port: 15387, sessionOverride: true }
2023-09-15 12:15:40:997 [Appium] Attempting to load driver uiautomator2...
2023-09-15 12:15:40:998 [Appium] Requiring driver at /Users/shubhamkumar/.appium/node_modules/appium-uiautomator2-driver
2023-09-15 12:15:41:371 [Appium] Appium REST http interface listener started on http://0.0.0.0:15387
2023-09-15 12:15:41:372 [Appium] You can provide the following URLs in your client code to connect to this server:
2023-09-15 12:15:41:372 [Appium] 	http://127.0.0.1:15387/ (only accessible from the same host)
2023-09-15 12:15:41:372 [Appium] 	http://192.168.0.130:15387/
2023-09-15 12:15:41:372 [Appium] Available drivers:
2023-09-15 12:15:41:372 [Appium]   - uiautomator2@2.29.5 (automationName 'UiAutomator2')
2023-09-15 12:15:41:372 [Appium] No plugins have been installed. Use the "appium plugin" command to install the one(s) you want to use.
2023-09-15 12:15:41:409 [HTTP] --> GET /status
2023-09-15 12:15:41:409 [HTTP] {}
2023-09-15 12:15:41:410 [AppiumDriver@d724] Calling AppiumDriver.getStatus() with args: []
2023-09-15 12:15:41:410 [AppiumDriver@d724] Responding to client with driver.getStatus() result: {"ready":true,"message":"The server is ready to accept new connections","build":{"version":"2.1.3","git-sha":"d4444b563e24ac7c05a93121c464c02dfa04d44f","built":"2023-08-27 21:04:16 +0100"}}
2023-09-15 12:15:41:412 [HTTP] <-- GET /status 200 3 ms - 199
2023-09-15 12:15:41:412 [HTTP] 
2023-09-15 12:15:41:413 [HTTP] --> GET /status
2023-09-15 12:15:41:413 [HTTP] {}
2023-09-15 12:15:41:414 [AppiumDriver@d724] Calling AppiumDriver.getStatus() with args: []
2023-09-15 12:15:41:414 [AppiumDriver@d724] Responding to client with driver.getStatus() result: {"ready":true,"message":"The server is ready to accept new connections","build":{"version":"2.1.3","git-sha":"d4444b563e24ac7c05a93121c464c02dfa04d44f","built":"2023-08-27 21:04:16 +0100"}}
2023-09-15 12:15:41:414 [HTTP] <-- GET /status 200 1 ms - 199
2023-09-15 12:15:41:414 [HTTP] 
2023-09-15 12:15:41:422 [HTTP] Request idempotency key: a3bc1f8d-0c12-4c6c-afe0-2104b2b5e1bf
2023-09-15 12:15:41:428 [HTTP] --> POST /session
2023-09-15 12:15:41:428 [HTTP] {"capabilities":{"firstMatch":[{}],"alwaysMatch":{"appium:app":"/Users/shubhamkumar/Downloads/AppreciateMobileAutomation/src/test/resources/Apps/Appreciate.apk","appium:appPackage":"com.appreciatewealth.android.uat","appium:automationName":"UiAutomator2","appium:deviceName":"Redmi 12","appium:fullReset":false,"appium:noReset":true,"appium:udid":"c11e02ad7d75","platformName":"ANDROID"}}}
2023-09-15 12:15:41:428 [AppiumDriver@d724] Calling AppiumDriver.createSession() with args: [null,null,{"firstMatch":[{}],"alwaysMatch":{"appium:app":"/Users/shubhamkumar/Downloads/AppreciateMobileAutomation/src/test/resources/Apps/Appreciate.apk","appium:appPackage":"com.appreciatewealth.android.uat","appium:automationName":"UiAutomator2","appium:deviceName":"Redmi 12","appium:fullReset":false,"appium:noReset":true,"appium:udid":"c11e02ad7d75","platformName":"ANDROID"}}]
2023-09-15 12:15:41:428 [AppiumDriver@d724] Event 'newSessionRequested' logged at 1694780141428 (17:45:41 GMT+0530 (India Standard Time))
2023-09-15 12:15:41:429 [Appium] Attempting to find matching driver for automationName 'UiAutomator2' and platformName 'ANDROID'
2023-09-15 12:15:41:429 [Appium] The 'uiautomator2' driver was installed and matched caps.
2023-09-15 12:15:41:430 [Appium] Will require it at /Users/shubhamkumar/.appium/node_modules/appium-uiautomator2-driver
2023-09-15 12:15:41:430 [Appium] Requiring driver at /Users/shubhamkumar/.appium/node_modules/appium-uiautomator2-driver
2023-09-15 12:15:41:430 [AppiumDriver@d724] Appium v2.1.3 creating new AndroidUiautomator2Driver (v2.29.5) session
2023-09-15 12:15:41:430 [AppiumDriver@d724] Checking BaseDriver versions for Appium and AndroidUiautomator2Driver
2023-09-15 12:15:41:430 [AppiumDriver@d724] Appium's BaseDriver version is 9.3.20
2023-09-15 12:15:41:430 [AppiumDriver@d724] AndroidUiautomator2Driver's BaseDriver version is 9.3.20
2023-09-15 12:15:41:430 [AppiumDriver@d724] There are no active sessions for cleanup
2023-09-15 12:15:41:430 [AndroidUiautomator2Driver@984b] Creating session with W3C capabilities: {
2023-09-15 12:15:41:431 [AndroidUiautomator2Driver@984b]   "alwaysMatch": {
2023-09-15 12:15:41:431 [AndroidUiautomator2Driver@984b]     "platformName": "ANDROID",
2023-09-15 12:15:41:431 [AndroidUiautomator2Driver@984b]     "appium:app": "/Users/shubhamkumar/Downloads/AppreciateMobileAutomation/src/test/resources/Apps/Appreciate.apk",
2023-09-15 12:15:41:431 [AndroidUiautomator2Driver@984b]     "appium:appPackage": "com.appreciatewealth.android.uat",
2023-09-15 12:15:41:431 [AndroidUiautomator2Driver@984b]     "appium:automationName": "UiAutomator2",
2023-09-15 12:15:41:431 [AndroidUiautomator2Driver@984b]     "appium:deviceName": "Redmi 12",
2023-09-15 12:15:41:431 [AndroidUiautomator2Driver@984b]     "appium:fullReset": false,
2023-09-15 12:15:41:431 [AndroidUiautomator2Driver@984b]     "appium:noReset": true,
2023-09-15 12:15:41:431 [AndroidUiautomator2Driver@984b]     "appium:udid": "c11e02ad7d75"
2023-09-15 12:15:41:431 [AndroidUiautomator2Driver@984b]   },
2023-09-15 12:15:41:431 [AndroidUiautomator2Driver@984b]   "firstMatch": [
2023-09-15 12:15:41:431 [AndroidUiautomator2Driver@984b]     {}
2023-09-15 12:15:41:431 [AndroidUiautomator2Driver@984b]   ]
2023-09-15 12:15:41:431 [AndroidUiautomator2Driver@984b] }
2023-09-15 12:15:41:433 [AndroidUiautomator2Driver@984b] The following capabilities were provided, but are not recognized by Appium:
2023-09-15 12:15:41:433 [AndroidUiautomator2Driver@984b]   deviceName
2023-09-15 12:15:41:433 [AndroidUiautomator2Driver@984b (9d00ecac)] Session created with session id: 9d00ecac-4a85-4f97-9fec-6a75a7671ef9
2023-09-15 12:15:41:434 [BaseDriver] Using local app '/Users/shubhamkumar/Downloads/AppreciateMobileAutomation/src/test/resources/Apps/Appreciate.apk'
2023-09-15 12:15:41:464 [AndroidUiautomator2Driver@984b (9d00ecac)] Checking whether app is actually present
2023-09-15 12:15:41:469 [ADB] Found 1 'build-tools' folders under '/Users/shubhamkumar/Library/Android/sdk' (newest first):
2023-09-15 12:15:41:469 [ADB]     /Users/shubhamkumar/Library/Android/sdk/build-tools/34.0.0
2023-09-15 12:15:41:469 [ADB] Using 'adb' from '/Users/shubhamkumar/Library/Android/sdk/platform-tools/adb'
2023-09-15 12:15:41:469 [ADB] Running '/Users/shubhamkumar/Library/Android/sdk/platform-tools/adb -P 5037 start-server'
2023-09-15 12:15:41:481 [AndroidDriver] Retrieving device list
2023-09-15 12:15:41:481 [ADB] Trying to find a connected android device
2023-09-15 12:15:41:481 [ADB] Getting connected devices
2023-09-15 12:15:41:490 [ADB] Connected devices: [{"udid":"c11e02ad7d75","state":"device"}]
2023-09-15 12:15:41:491 [AndroidDriver] Using device: c11e02ad7d75
2023-09-15 12:15:41:491 [ADB] Using 'adb' from '/Users/shubhamkumar/Library/Android/sdk/platform-tools/adb'
2023-09-15 12:15:41:491 [ADB] Running '/Users/shubhamkumar/Library/Android/sdk/platform-tools/adb -P 5037 start-server'
2023-09-15 12:15:41:500 [ADB] Setting device id to c11e02ad7d75
2023-09-15 12:15:41:500 [ADB] Running '/Users/shubhamkumar/Library/Android/sdk/platform-tools/adb -P 5037 -s c11e02ad7d75 shell getprop ro.build.version.sdk'
2023-09-15 12:15:41:534 [ADB] Current device property 'ro.build.version.sdk': 33
2023-09-15 12:15:41:535 [ADB] Getting device platform version
2023-09-15 12:15:41:535 [ADB] Running '/Users/shubhamkumar/Library/Android/sdk/platform-tools/adb -P 5037 -s c11e02ad7d75 shell getprop ro.build.version.release'
2023-09-15 12:15:41:573 [ADB] Current device property 'ro.build.version.release': 13
2023-09-15 12:15:41:573 [ADB] Device API level: 33
2023-09-15 12:15:41:573 [AndroidUiautomator2Driver@984b (9d00ecac)] Relaxing hidden api policy
2023-09-15 12:15:41:573 [ADB] Running '/Users/shubhamkumar/Library/Android/sdk/platform-tools/adb -P 5037 -s c11e02ad7d75 shell 'settings put global hidden_api_policy_pre_p_apps 1;settings put global hidden_api_policy_p_apps 1;settings put global hidden_api_policy 1''
2023-09-15 12:15:41:676 [AndroidDriver] Parsing package and activity from app manifest
2023-09-15 12:15:41:688 [ADB] Package name: 'com.appreciatewealth.android'
2023-09-15 12:15:41:688 [ADB] Main activity name: 'com.appreciatewealth.android.activity.startup.SplashScreen'
2023-09-15 12:15:41:688 [AndroidDriver] Parsed package and activity are: com.appreciatewealth.android/com.appreciatewealth.android.activity.startup.SplashScreen
2023-09-15 12:15:41:688 [AndroidDriver] Pushing settings apk to device...
2023-09-15 12:15:41:689 [ADB] Getting package info for 'io.appium.settings'
2023-09-15 12:15:41:689 [ADB] Running '/Users/shubhamkumar/Library/Android/sdk/platform-tools/adb -P 5037 -s c11e02ad7d75 shell dumpsys package io.appium.settings'
2023-09-15 12:15:41:759 [ADB] The version name of the installed 'io.appium.settings' is greater or equal to the application version name ('5.1.0' >= '5.1.0')
2023-09-15 12:15:41:760 [ADB] There is no need to install/upgrade '/Users/shubhamkumar/.appium/node_modules/appium-uiautomator2-driver/node_modules/io.appium.settings/apks/settings_apk-debug.apk'
2023-09-15 12:15:41:760 [ADB] Getting IDs of all 'io.appium.settings' processes
2023-09-15 12:15:41:760 [ADB] Running '/Users/shubhamkumar/Library/Android/sdk/platform-tools/adb -P 5037 -s c11e02ad7d75 shell 'pgrep --help; echo $?''
2023-09-15 12:15:41:800 [ADB] Running '/Users/shubhamkumar/Library/Android/sdk/platform-tools/adb -P 5037 -s c11e02ad7d75 shell pgrep -f \(\[\[:blank:\]\]\|\^\)io\.appium\.settings\(\[\[:blank:\]\]\|\$\)'
2023-09-15 12:15:41:880 [AndroidDriver] io.appium.settings is already running. There is no need to reset its permissions.
2023-09-15 12:15:41:880 [ADB] Running '/Users/shubhamkumar/Library/Android/sdk/platform-tools/adb -P 5037 -s c11e02ad7d75 shell appops set io.appium.settings android:mock_location allow'
2023-09-15 12:15:41:933 [ADB] Running '/Users/shubhamkumar/Library/Android/sdk/platform-tools/adb -P 5037 -s c11e02ad7d75 shell "[ -e '/data/local/tmp/mock_apps.json' ] && echo __PASS__"'
2023-09-15 12:15:41:964 [ADB] Running '/Users/shubhamkumar/Library/Android/sdk/platform-tools/adb -P 5037 -s c11e02ad7d75 shell cat /data/local/tmp/mock_apps.json'
2023-09-15 12:15:42:006 [Logcat] Starting logs capture with command: /Users/shubhamkumar/Library/Android/sdk/platform-tools/adb -P 5037 -s c11e02ad7d75 logcat -v threadtime
2023-09-15 12:15:42:060 [AndroidUiautomator2Driver@984b (9d00ecac)] Forwarding UiAutomator2 Server port 6790 to local port 8201
2023-09-15 12:15:42:061 [ADB] Forwarding system: 8201 to device: 6790
2023-09-15 12:15:42:061 [ADB] Running '/Users/shubhamkumar/Library/Android/sdk/platform-tools/adb -P 5037 -s c11e02ad7d75 forward tcp:8201 tcp:6790'
2023-09-15 12:15:42:082 [ADB] Checking app cert for /Users/shubhamkumar/.appium/node_modules/appium-uiautomator2-driver/node_modules/appium-uiautomator2-server/apks/appium-uiautomator2-server-v5.12.3.apk
2023-09-15 12:15:42:082 [ADB] Checking app cert for /Users/shubhamkumar/.appium/node_modules/appium-uiautomator2-driver/node_modules/appium-uiautomator2-server/apks/appium-uiautomator2-server-debug-androidTest.apk
2023-09-15 12:15:42:086 [ADB] Using 'apksigner.jar' from '/Users/shubhamkumar/Library/Android/sdk/build-tools/34.0.0/lib/apksigner.jar'
2023-09-15 12:15:42:087 [ADB] Starting apksigner: /Library/Java/JavaVirtualMachines/jdk-20.jdk/Contents/Home/bin/java -Xmx1024M -Xss1m -jar /Users/shubhamkumar/Library/Android/sdk/build-tools/34.0.0/lib/apksigner.jar verify --print-certs /Users/shubhamkumar/.appium/node_modules/appium-uiautomator2-driver/node_modules/appium-uiautomator2-server/apks/appium-uiautomator2-server-debug-androidTest.apk
2023-09-15 12:15:42:103 [ADB] Starting apksigner: /Library/Java/JavaVirtualMachines/jdk-20.jdk/Contents/Home/bin/java -Xmx1024M -Xss1m -jar /Users/shubhamkumar/Library/Android/sdk/build-tools/34.0.0/lib/apksigner.jar verify --print-certs /Users/shubhamkumar/.appium/node_modules/appium-uiautomator2-driver/node_modules/appium-uiautomator2-server/apks/appium-uiautomator2-server-v5.12.3.apk
2023-09-15 12:15:42:318 [ADB] apksigner stdout: Signer #1 certificate DN: EMAILADDRESS=android@android.com, CN=Android, OU=Android, O=Android, L=Mountain View, ST=California, C=US
2023-09-15 12:15:42:318 [ADB] Signer #1 certificate SHA-256 digest: a40da80a59d170caa950cf15c18c454d47a39b26989d8b640ecd745ba71bf5dc
2023-09-15 12:15:42:318 [ADB] Signer #1 certificate SHA-1 digest: 61ed377e85d386a8dfee6b864bd85b0bfaa5af81
2023-09-15 12:15:42:318 [ADB] Signer #1 certificate MD5 digest: e89b158e4bcf988ebd09eb83f5378e87
2023-09-15 12:15:42:318 [ADB] 
2023-09-15 12:15:42:318 [ADB] sha256 hash did match for 'appium-uiautomator2-server-debug-androidTest.apk'
2023-09-15 12:15:42:318 [ADB] '/Users/shubhamkumar/.appium/node_modules/appium-uiautomator2-driver/node_modules/appium-uiautomator2-server/apks/appium-uiautomator2-server-debug-androidTest.apk' is signed with the default certificate
2023-09-15 12:15:42:318 [ADB] Getting install status for io.appium.uiautomator2.server.test
2023-09-15 12:15:42:318 [ADB] Running '/Users/shubhamkumar/Library/Android/sdk/platform-tools/adb -P 5037 -s c11e02ad7d75 shell pm path io.appium.uiautomator2.server.test'
2023-09-15 12:15:42:367 [ADB] 'io.appium.uiautomator2.server.test' is installed
2023-09-15 12:15:42:794 [ADB] apksigner stdout: Signer #1 certificate DN: EMAILADDRESS=android@android.com, CN=Android, OU=Android, O=Android, L=Mountain View, ST=California, C=US
2023-09-15 12:15:42:794 [ADB] Signer #1 certificate SHA-256 digest: a40da80a59d170caa950cf15c18c454d47a39b26989d8b640ecd745ba71bf5dc
2023-09-15 12:15:42:794 [ADB] Signer #1 certificate SHA-1 digest: 61ed377e85d386a8dfee6b864bd85b0bfaa5af81
2023-09-15 12:15:42:794 [ADB] Signer #1 certificate MD5 digest: e89b158e4bcf988ebd09eb83f5378e87
2023-09-15 12:15:42:794 [ADB] 
2023-09-15 12:15:42:794 [ADB] sha256 hash did match for 'appium-uiautomator2-server-v5.12.3.apk'
2023-09-15 12:15:42:794 [ADB] '/Users/shubhamkumar/.appium/node_modules/appium-uiautomator2-driver/node_modules/appium-uiautomator2-server/apks/appium-uiautomator2-server-v5.12.3.apk' is signed with the default certificate
2023-09-15 12:15:42:794 [ADB] Getting package info for 'io.appium.uiautomator2.server'
2023-09-15 12:15:42:794 [ADB] Running '/Users/shubhamkumar/Library/Android/sdk/platform-tools/adb -P 5037 -s c11e02ad7d75 shell dumpsys package io.appium.uiautomator2.server'
2023-09-15 12:15:42:913 [ADB] The version name of the installed 'io.appium.uiautomator2.server' is greater or equal to the application version name ('5.12.3' >= '5.12.3')
2023-09-15 12:15:42:913 [AndroidUiautomator2Driver@984b (9d00ecac)] Server packages status: [{"wasSigned":true,"installState":"sameVersionInstalled","appPath":"/Users/shubhamkumar/.appium/node_modules/appium-uiautomator2-driver/node_modules/appium-uiautomator2-server/apks/appium-uiautomator2-server-v5.12.3.apk","appId":"io.appium.uiautomator2.server"},{"wasSigned":true,"installState":"sameVersionInstalled","appPath":"/Users/shubhamkumar/.appium/node_modules/appium-uiautomator2-driver/node_modules/appium-uiautomator2-server/apks/appium-uiautomator2-server-debug-androidTest.apk","appId":"io.appium.uiautomator2.server.test"}]
2023-09-15 12:15:42:914 [AndroidUiautomator2Driver@984b (9d00ecac)] Server packages are not going to be (re)installed
2023-09-15 12:15:42:914 [AndroidUiautomator2Driver@984b (9d00ecac)] Waiting up to 30000ms for services to be available
2023-09-15 12:15:42:914 [ADB] Running '/Users/shubhamkumar/Library/Android/sdk/platform-tools/adb -P 5037 -s c11e02ad7d75 shell pm list instrumentation'
2023-09-15 12:15:42:970 [AndroidUiautomator2Driver@984b (9d00ecac)] Instrumentation target 'io.appium.uiautomator2.server.test/androidx.test.runner.AndroidJUnitRunner' is available
2023-09-15 12:15:42:971 [ADB] Adding packages ["io.appium.settings","io.appium.uiautomator2.server","io.appium.uiautomator2.server.test"] to Doze whitelist
2023-09-15 12:15:42:971 [ADB] Got the following command chunks to execute: [["dumpsys","deviceidle","whitelist","+io.appium.settings",";","dumpsys","deviceidle","whitelist","+io.appium.uiautomator2.server",";","dumpsys","deviceidle","whitelist","+io.appium.uiautomator2.server.test",";"]]
2023-09-15 12:15:42:971 [ADB] Running '/Users/shubhamkumar/Library/Android/sdk/platform-tools/adb -P 5037 -s c11e02ad7d75 shell dumpsys deviceidle whitelist +io.appium.settings ; dumpsys deviceidle whitelist +io.appium.uiautomator2.server ; dumpsys deviceidle whitelist +io.appium.uiautomator2.server.test ;'
2023-09-15 12:15:43:056 [ADB] Getting install status for com.appreciatewealth.android.uat
2023-09-15 12:15:43:056 [ADB] Running '/Users/shubhamkumar/Library/Android/sdk/platform-tools/adb -P 5037 -s c11e02ad7d75 shell pm path com.appreciatewealth.android.uat'
2023-09-15 12:15:43:110 [ADB] 'com.appreciatewealth.android.uat' is installed
2023-09-15 12:15:43:110 [AndroidUiautomator2Driver@984b (9d00ecac)] noReset has been requested and the app is already installed. Doing nothing
2023-09-15 12:15:43:110 [AndroidUiautomator2Driver@984b (9d00ecac)] Performing shallow cleanup of automation leftovers
2023-09-15 12:15:43:119 [AndroidUiautomator2Driver@984b (9d00ecac)] No obsolete sessions have been detected (socket hang up)
2023-09-15 12:15:43:119 [ADB] Running '/Users/shubhamkumar/Library/Android/sdk/platform-tools/adb -P 5037 -s c11e02ad7d75 shell am force-stop io.appium.uiautomator2.server.test'
2023-09-15 12:15:43:175 [AndroidUiautomator2Driver@984b (9d00ecac)] Starting UIAutomator2 server 5.12.3
2023-09-15 12:15:43:175 [AndroidUiautomator2Driver@984b (9d00ecac)] Using UIAutomator2 server from '/Users/shubhamkumar/.appium/node_modules/appium-uiautomator2-driver/node_modules/appium-uiautomator2-server/apks/appium-uiautomator2-server-v5.12.3.apk' and test from '/Users/shubhamkumar/.appium/node_modules/appium-uiautomator2-driver/node_modules/appium-uiautomator2-server/apks/appium-uiautomator2-server-debug-androidTest.apk'
2023-09-15 12:15:43:175 [AndroidUiautomator2Driver@984b (9d00ecac)] Waiting up to 30000ms for UiAutomator2 to be online...
2023-09-15 12:15:43:175 [ADB] Creating ADB subprocess with args: ["-P","5037","-s","c11e02ad7d75","shell","am","instrument","-w","-e","disableAnalytics",true,"io.appium.uiautomator2.server.test/androidx.test.runner.AndroidJUnitRunner"]
2023-09-15 12:15:43:177 [AndroidUiautomator2Driver@984b (9d00ecac)] Matched '/status' to command name 'getStatus'
2023-09-15 12:15:43:178 [AndroidUiautomator2Driver@984b (9d00ecac)] Proxying [GET /status] to [GET http://127.0.0.1:8201/status] with no body
2023-09-15 12:15:43:186 [AndroidUiautomator2Driver@984b (9d00ecac)] socket hang up
2023-09-15 12:15:44:189 [AndroidUiautomator2Driver@984b (9d00ecac)] Matched '/status' to command name 'getStatus'
2023-09-15 12:15:44:190 [AndroidUiautomator2Driver@984b (9d00ecac)] Proxying [GET /status] to [GET http://127.0.0.1:8201/status] with no body
2023-09-15 12:15:44:202 [AndroidUiautomator2Driver@984b (9d00ecac)] socket hang up
2023-09-15 12:15:44:386 [Instrumentation] io.appium.uiautomator2.server.test.AppiumUiAutomator2Server:
2023-09-15 12:15:45:204 [AndroidUiautomator2Driver@984b (9d00ecac)] Matched '/status' to command name 'getStatus'
2023-09-15 12:15:45:204 [AndroidUiautomator2Driver@984b (9d00ecac)] Proxying [GET /status] to [GET http://127.0.0.1:8201/status] with no body
2023-09-15 12:15:45:216 [AndroidUiautomator2Driver@984b (9d00ecac)] socket hang up
2023-09-15 12:15:46:219 [AndroidUiautomator2Driver@984b (9d00ecac)] Matched '/status' to command name 'getStatus'
2023-09-15 12:15:46:219 [AndroidUiautomator2Driver@984b (9d00ecac)] Proxying [GET /status] to [GET http://127.0.0.1:8201/status] with no body
2023-09-15 12:15:46:301 [AndroidUiautomator2Driver@984b (9d00ecac)] Got response with status 200: {"sessionId":"None","value":{"message":"UiAutomator2 Server is ready to accept commands","ready":true}}
2023-09-15 12:15:46:302 [AndroidUiautomator2Driver@984b (9d00ecac)] The initialization of the instrumentation process took 3127ms
2023-09-15 12:15:46:302 [AndroidUiautomator2Driver@984b (9d00ecac)] Matched '/session' to command name 'createSession'
2023-09-15 12:15:46:302 [AndroidUiautomator2Driver@984b (9d00ecac)] Proxying [POST /session] to [POST http://127.0.0.1:8201/session] with body: {"capabilities":{"firstMatch":[{"platform":"LINUX","webStorageEnabled":false,"takesScreenshot":true,"javascriptEnabled":true,"databaseEnabled":false,"networkConnectionEnabled":true,"locationContextEnabled":false,"warnings":{},"desired":{"platformName":"ANDROID","app":"/Users/shubhamkumar/Downloads/AppreciateMobileAutomation/src/test/resources/Apps/Appreciate.apk","appPackage":"com.appreciatewealth.android.uat","automationName":"UiAutomator2","deviceName":"Redmi 12","fullReset":false,"noReset":true,"udid":"c11e02ad7d75"},"platformName":"ANDROID","app":"/Users/shubhamkumar/Downloads/AppreciateMobileAutomation/src/test/resources/Apps/Appreciate.apk","appPackage":"com.appreciatewealth.android.uat","automationName":"UiAutomator2","deviceName":"c11e02ad7d75","fullReset":false,"noReset":true,"udid":"c11e02ad7d75","deviceUDID":"c11e02ad7d75"}],"alwaysMatch":{}}}
2023-09-15 12:15:46:342 [AndroidUiautomator2Driver@984b (9d00ecac)] Got response with status 200: {"sessionId":"b6b50e69-81a8-48e3-a67f-ec5036385d8e","value":{"capabilities":{"firstMatch":[{"platform":"LINUX","webStorageEnabled":false,"takesScreenshot":true,"javascriptEnabled":true,"databaseEnabled":false,"networkConnectionEnabled":true,"locationContextEnabled":false,"warnings":{},"desired":{"platformName":"ANDROID","app":"/Users/shubhamkumar/Downloads/AppreciateMobileAutomation/src/test/resources/Apps/Appreciate.apk","appPackage":"com.appreciatewealth.android.uat","automationName":"UiAutomator2","deviceName":"Redmi 12","fullReset":false,"noReset":true,"udid":"c11e02ad7d75"},"platformName":"ANDROID","app":"/Users/shubhamkumar/Downloads/AppreciateMobileAutomation/src/test/resources/Apps/Appreciate.apk","appPackage":"com.appreciatewealth.android.uat","automationName":"UiAutomator2","deviceName":"c11e02ad7d75","fullReset":false,"noReset":true,"udid":"c11e02ad7d75","deviceUDID":"c11e02ad7d75"}],"alwaysMatch":{}},"sessionId":"b6b50e69-81a8-48e3-a67f-ec5036385d8e"}}
2023-09-15 12:15:46:342 [AndroidUiautomator2Driver@984b (9d00ecac)] Determined the downstream protocol as 'W3C'
2023-09-15 12:15:46:353 [AndroidUiautomator2Driver@984b (9d00ecac)] Proxying [GET /appium/device/info] to [GET http://127.0.0.1:8201/session/b6b50e69-81a8-48e3-a67f-ec5036385d8e/appium/device/info] with no body
2023-09-15 12:15:46:407 [AndroidUiautomator2Driver@984b (9d00ecac)] Got response with status 200: {"sessionId":"b6b50e69-81a8-48e3-a67f-ec5036385d8e","value":{"androidId":"616b1c29bd6fa308","apiVersion":"33","bluetooth":{"state":"OFF"},"brand":"Redmi","carrierName":"JIO 4G","displayDensity":440,"locale":"en_IN","manufacturer":"Xiaomi","model":"23053RN02I","networks":[{"capabilities":{"SSID":null,"linkDownBandwidthKbps":14,"linkUpstreamBandwidthKbps":14,"networkCapabilities":"NET_CAPABILITY_IMS,NET_CAPABILITY_NOT_METERED,NET_CAPABILITY_TRUSTED,NET_CAPABILITY_NOT_VPN,NET_CAPABILITY_VALIDATED,NET_CAPABILITY_NOT_ROAMING,NET_CAPABILITY_FOREGROUND,NET_CAPABILITY_NOT_CONGESTED,NET_CAPABILITY_NOT_SUSPENDED","signalStrength":-2147483648,"transportTypes":"TRANSPORT_CELLULAR"},"detailedState":"CONNECTED","extraInfo":"ims","isAvailable":true,"isConnected":true,"isFailover":false,"isRoaming":false,"state":"CONNECTED","subtype":18,"subtypeName":"IWLAN","type":0,"typeName":"MOBILE"},{"capabilities":{"SSID":null,"linkDownBandwidthKbps":60000,"linkUpstreamBandwidthKbps":12000,"networkCapabilities":"NET_CAPABILITY_NOT_M...
2023-09-15 12:15:46:407 [ADB] Running '/Users/shubhamkumar/Library/Android/sdk/platform-tools/adb -P 5037 -s c11e02ad7d75 shell dumpsys window'
2023-09-15 12:15:46:563 [AndroidDriver] Screen already unlocked, doing nothing
2023-09-15 12:15:46:563 [AndroidUiautomator2Driver@984b (9d00ecac)] Starting 'com.appreciatewealth.android.uat/com.appreciatewealth.android.activity.startup.SplashScreen and waiting for 'com.appreciatewealth.android.uat/com.appreciatewealth.android.activity.startup.SplashScreen'
2023-09-15 12:15:46:563 [ADB] Getting IDs of all 'com.appreciatewealth.android.uat' processes
2023-09-15 12:15:46:564 [ADB] Running '/Users/shubhamkumar/Library/Android/sdk/platform-tools/adb -P 5037 -s c11e02ad7d75 shell pgrep -f \(\[\[:blank:\]\]\|\^\)com\.appreciatewealth\.android\.uat\(\[\[:blank:\]\]\|\$\)'
2023-09-15 12:15:46:647 [AndroidUiautomator2Driver@984b (9d00ecac)] 'com.appreciatewealth.android.uat' is already running and noReset is enabled. Set forceAppLaunch capability to true if the app must be forcefully restarted on session startup.
2023-09-15 12:15:46:650 [AndroidUiautomator2Driver@984b (9d00ecac)] Proxying [GET /appium/device/pixel_ratio] to [GET http://127.0.0.1:8201/session/b6b50e69-81a8-48e3-a67f-ec5036385d8e/appium/device/pixel_ratio] with no body
2023-09-15 12:15:46:661 [AndroidUiautomator2Driver@984b (9d00ecac)] Got response with status 200: {"sessionId":"b6b50e69-81a8-48e3-a67f-ec5036385d8e","value":2.75}
2023-09-15 12:15:46:662 [AndroidUiautomator2Driver@984b (9d00ecac)] Matched '/appium/device/system_bars' to command name 'getSystemBars'
2023-09-15 12:15:46:662 [AndroidUiautomator2Driver@984b (9d00ecac)] Proxying [GET /appium/device/system_bars] to [GET http://127.0.0.1:8201/session/b6b50e69-81a8-48e3-a67f-ec5036385d8e/appium/device/system_bars] with no body
2023-09-15 12:15:46:674 [AndroidUiautomator2Driver@984b (9d00ecac)] Got response with status 200: {"sessionId":"b6b50e69-81a8-48e3-a67f-ec5036385d8e","value":{"statusBar":104}}
2023-09-15 12:15:46:675 [AndroidUiautomator2Driver@984b (9d00ecac)] Matched '/window/current/size' to command name 'getWindowSize'
2023-09-15 12:15:46:675 [AndroidUiautomator2Driver@984b (9d00ecac)] Proxying [GET /window/current/size] to [GET http://127.0.0.1:8201/session/b6b50e69-81a8-48e3-a67f-ec5036385d8e/window/current/size] with no body
2023-09-15 12:15:46:687 [AndroidUiautomator2Driver@984b (9d00ecac)] Got response with status 200: {"sessionId":"b6b50e69-81a8-48e3-a67f-ec5036385d8e","value":{"height":2226,"width":1080}}
2023-09-15 12:15:46:687 [AppiumDriver@d724] New AndroidUiautomator2Driver session created successfully, session 9d00ecac-4a85-4f97-9fec-6a75a7671ef9 added to master session list
2023-09-15 12:15:46:688 [AppiumDriver@d724] Event 'newSessionStarted' logged at 1694780146688 (17:45:46 GMT+0530 (India Standard Time))
2023-09-15 12:15:46:688 [AndroidUiautomator2Driver@984b (9d00ecac)] Cached the protocol value 'W3C' for the new session 9d00ecac-4a85-4f97-9fec-6a75a7671ef9
2023-09-15 12:15:46:688 [AndroidUiautomator2Driver@984b (9d00ecac)] Responding to client with driver.createSession() result: {"capabilities":{"platform":"LINUX","webStorageEnabled":false,"takesScreenshot":true,"javascriptEnabled":true,"databaseEnabled":false,"networkConnectionEnabled":true,"locationContextEnabled":false,"warnings":{},"desired":{"platformName":"ANDROID","app":"/Users/shubhamkumar/Downloads/AppreciateMobileAutomation/src/test/resources/Apps/Appreciate.apk","appPackage":"com.appreciatewealth.android.uat","automationName":"UiAutomator2","deviceName":"Redmi 12","fullReset":false,"noReset":true,"udid":"c11e02ad7d75"},"platformName":"ANDROID","app":"/Users/shubhamkumar/Downloads/AppreciateMobileAutomation/src/test/resources/Apps/Appreciate.apk","appPackage":"com.appreciatewealth.android.uat","automationName":"UiAutomator2","deviceName":"c11e02ad7d75","fullReset":false,"noReset":true,"udid":"c11e02ad7d75","deviceUDID":"c11e02ad7d75","deviceApiLevel":33,"platformVersion":"13","deviceScreenSize":"1080x2460","deviceScreenDensity":440,"deviceModel":"23053RN02I","deviceManufacturer":"Xiaomi","pixelRatio":2.75,"statBarHeight"...
2023-09-15 12:15:46:689 [HTTP] <-- POST /session 200 5261 ms - 1151
2023-09-15 12:15:46:690 [HTTP] 
2023-09-15 12:15:56:818 [HTTP] --> GET /session/9d00ecac-4a85-4f97-9fec-6a75a7671ef9/context
2023-09-15 12:15:56:818 [HTTP] {}
2023-09-15 12:15:56:824 [AndroidUiautomator2Driver@984b (9d00ecac)] Calling AppiumDriver.getCurrentContext() with args: ["9d00ecac-4a85-4f97-9fec-6a75a7671ef9"]
2023-09-15 12:15:56:825 [AndroidUiautomator2Driver@984b (9d00ecac)] Responding to client with driver.getCurrentContext() result: "NATIVE_APP"
2023-09-15 12:15:56:826 [HTTP] <-- GET /session/9d00ecac-4a85-4f97-9fec-6a75a7671ef9/context 200 8 ms - 22
2023-09-15 12:15:56:826 [HTTP] 
2023-09-15 12:15:56:832 [HTTP] --> POST /session/9d00ecac-4a85-4f97-9fec-6a75a7671ef9/element
2023-09-15 12:15:56:832 [HTTP] {"using":"class name","value":"android.widget.EditText"}
2023-09-15 12:15:56:834 [AndroidUiautomator2Driver@984b (9d00ecac)] Calling AppiumDriver.findElement() with args: ["class name","android.widget.EditText","9d00ecac-4a85-4f97-9fec-6a75a7671ef9"]
2023-09-15 12:15:56:834 [AndroidUiautomator2Driver@984b (9d00ecac)] Valid locator strategies for this request: xpath, id, class name, accessibility id, css selector, -android uiautomator
2023-09-15 12:15:56:835 [AndroidUiautomator2Driver@984b (9d00ecac)] Waiting up to 0 ms for condition
2023-09-15 12:15:56:837 [AndroidUiautomator2Driver@984b (9d00ecac)] Matched '/element' to command name 'findElement'
2023-09-15 12:15:56:837 [AndroidUiautomator2Driver@984b (9d00ecac)] Proxying [POST /element] to [POST http://127.0.0.1:8201/session/b6b50e69-81a8-48e3-a67f-ec5036385d8e/element] with body: {"strategy":"class name","selector":"android.widget.EditText","context":"","multiple":false}
2023-09-15 12:15:56:947 [AndroidUiautomator2Driver@984b (9d00ecac)] Got response with status 200: {"sessionId":"b6b50e69-81a8-48e3-a67f-ec5036385d8e","value":{"ELEMENT":"00000000-0000-0907-ffff-ffff00000022","element-6066-11e4-a52e-4f735466cecf":"00000000-0000-0907-ffff-ffff00000022"}}
2023-09-15 12:15:56:948 [AndroidUiautomator2Driver@984b (9d00ecac)] Responding to client with driver.findElement() result: {"element-6066-11e4-a52e-4f735466cecf":"00000000-0000-0907-ffff-ffff00000022","ELEMENT":"00000000-0000-0907-ffff-ffff00000022"}
2023-09-15 12:15:56:948 [HTTP] <-- POST /session/9d00ecac-4a85-4f97-9fec-6a75a7671ef9/element 200 116 ms - 137
2023-09-15 12:15:56:948 [HTTP] 
2023-09-15 12:15:56:954 [HTTP] --> POST /session/9d00ecac-4a85-4f97-9fec-6a75a7671ef9/element/00000000-0000-0907-ffff-ffff00000022/value
2023-09-15 12:15:56:954 [HTTP] {"id":"00000000-0000-0907-ffff-ffff00000022","text":"9326459356","value":["9","3","2","6","4","5","9","3","5","6"]}
2023-09-15 12:15:56:955 [AndroidUiautomator2Driver@984b (9d00ecac)] Calling AppiumDriver.setValue() with args: [["9","3","2","6","4","5","9","3","5","6"],"00000000-0000-0907-ffff-ffff00000022","9d00ecac-4a85-4f97-9fec-6a75a7671ef9"]
2023-09-15 12:15:56:955 [AndroidUiautomator2Driver@984b (9d00ecac)] Matched '/element/00000000-0000-0907-ffff-ffff00000022/value' to command name 'setValue'
2023-09-15 12:15:56:956 [AndroidUiautomator2Driver@984b (9d00ecac)] Added 'value' property ["9","3","2","6","4","5","9","3","5","6"] to 'setValue' request body
2023-09-15 12:15:56:956 [AndroidUiautomator2Driver@984b (9d00ecac)] Proxying [POST /element/00000000-0000-0907-ffff-ffff00000022/value] to [POST http://127.0.0.1:8201/session/b6b50e69-81a8-48e3-a67f-ec5036385d8e/element/00000000-0000-0907-ffff-ffff00000022/value] with body: {"elementId":"00000000-0000-0907-ffff-ffff00000022","text":"9326459356","replace":false,"value":["9","3","2","6","4","5","9","3","5","6"]}
2023-09-15 12:15:57:022 [AndroidUiautomator2Driver@984b (9d00ecac)] Got response with status 200: {"sessionId":"b6b50e69-81a8-48e3-a67f-ec5036385d8e","value":null}
2023-09-15 12:15:57:022 [AndroidUiautomator2Driver@984b (9d00ecac)] Responding to client with driver.setValue() result: null
2023-09-15 12:15:57:023 [HTTP] <-- POST /session/9d00ecac-4a85-4f97-9fec-6a75a7671ef9/element/00000000-0000-0907-ffff-ffff00000022/value 200 69 ms - 14
2023-09-15 12:15:57:023 [HTTP] 
2023-09-15 12:16:02:118 [HTTP] --> GET /session/9d00ecac-4a85-4f97-9fec-6a75a7671ef9/context
2023-09-15 12:16:02:118 [HTTP] {}
2023-09-15 12:16:02:119 [AndroidUiautomator2Driver@984b (9d00ecac)] Calling AppiumDriver.getCurrentContext() with args: ["9d00ecac-4a85-4f97-9fec-6a75a7671ef9"]
2023-09-15 12:16:02:120 [AndroidUiautomator2Driver@984b (9d00ecac)] Responding to client with driver.getCurrentContext() result: "NATIVE_APP"
2023-09-15 12:16:02:120 [HTTP] <-- GET /session/9d00ecac-4a85-4f97-9fec-6a75a7671ef9/context 200 3 ms - 22
2023-09-15 12:16:02:120 [HTTP] 
2023-09-15 12:16:02:123 [HTTP] --> POST /session/9d00ecac-4a85-4f97-9fec-6a75a7671ef9/element
2023-09-15 12:16:02:123 [HTTP] {"using":"xpath","value":"/hierarchy/android.widget.FrameLayout/android.widget.LinearLayout/android.widget.FrameLayout/android.widget.LinearLayout/android.widget.FrameLayout/android.view.ViewGroup/android.widget.ScrollView/android.view.ViewGroup/androidx.cardview.widget.CardView/android.view.ViewGroup/android.widget.Button"}
2023-09-15 12:16:02:123 [AndroidUiautomator2Driver@984b (9d00ecac)] Calling AppiumDriver.findElement() with args: ["xpath","/hierarchy/android.widget.FrameLayout/android.widget.LinearLayout/android.widget.FrameLayout/android.widget.LinearLayout/android.widget.FrameLayout/android.view.ViewGroup/android.widget.ScrollView/android.view.ViewGroup/androidx.cardview.widget.CardView/android.view.ViewGroup/android.widget.Button","9d00ecac-4a85-4f97-9fec-6a75a7671ef9"]
2023-09-15 12:16:02:123 [AndroidUiautomator2Driver@984b (9d00ecac)] Valid locator strategies for this request: xpath, id, class name, accessibility id, css selector, -android uiautomator
2023-09-15 12:16:02:123 [AndroidUiautomator2Driver@984b (9d00ecac)] Waiting up to 0 ms for condition
2023-09-15 12:16:02:123 [AndroidUiautomator2Driver@984b (9d00ecac)] Matched '/element' to command name 'findElement'
2023-09-15 12:16:02:123 [AndroidUiautomator2Driver@984b (9d00ecac)] Proxying [POST /element] to [POST http://127.0.0.1:8201/session/b6b50e69-81a8-48e3-a67f-ec5036385d8e/element] with body: {"strategy":"xpath","selector":"/hierarchy/android.widget.FrameLayout/android.widget.LinearLayout/android.widget.FrameLayout/android.widget.LinearLayout/android.widget.FrameLayout/android.view.ViewGroup/android.widget.ScrollView/android.view.ViewGroup/androidx.cardview.widget.CardView/android.view.ViewGroup/android.widget.Button","context":"","multiple":false}
2023-09-15 12:16:03:017 [AndroidUiautomator2Driver@984b (9d00ecac)] Got response with status 200: {"sessionId":"b6b50e69-81a8-48e3-a67f-ec5036385d8e","value":{"ELEMENT":"00000000-0000-0907-ffff-ffff00000030","element-6066-11e4-a52e-4f735466cecf":"00000000-0000-0907-ffff-ffff00000030"}}
2023-09-15 12:16:03:017 [AndroidUiautomator2Driver@984b (9d00ecac)] Responding to client with driver.findElement() result: {"element-6066-11e4-a52e-4f735466cecf":"00000000-0000-0907-ffff-ffff00000030","ELEMENT":"00000000-0000-0907-ffff-ffff00000030"}
2023-09-15 12:16:03:019 [HTTP] <-- POST /session/9d00ecac-4a85-4f97-9fec-6a75a7671ef9/element 200 896 ms - 137
2023-09-15 12:16:03:019 [HTTP] 
2023-09-15 12:16:03:025 [HTTP] --> POST /session/9d00ecac-4a85-4f97-9fec-6a75a7671ef9/element/00000000-0000-0907-ffff-ffff00000030/click
2023-09-15 12:16:03:025 [HTTP] {"id":"00000000-0000-0907-ffff-ffff00000030"}
2023-09-15 12:16:03:025 [AndroidUiautomator2Driver@984b (9d00ecac)] Calling AppiumDriver.click() with args: ["00000000-0000-0907-ffff-ffff00000030","9d00ecac-4a85-4f97-9fec-6a75a7671ef9"]
2023-09-15 12:16:03:026 [AndroidUiautomator2Driver@984b (9d00ecac)] Matched '/element/00000000-0000-0907-ffff-ffff00000030/click' to command name 'click'
2023-09-15 12:16:03:026 [AndroidUiautomator2Driver@984b (9d00ecac)] Proxying [POST /element/00000000-0000-0907-ffff-ffff00000030/click] to [POST http://127.0.0.1:8201/session/b6b50e69-81a8-48e3-a67f-ec5036385d8e/element/00000000-0000-0907-ffff-ffff00000030/click] with body: {"element":"00000000-0000-0907-ffff-ffff00000030"}
2023-09-15 12:16:03:098 [AndroidUiautomator2Driver@984b (9d00ecac)] Got response with status 200: {"sessionId":"b6b50e69-81a8-48e3-a67f-ec5036385d8e","value":null}
2023-09-15 12:16:03:098 [AndroidUiautomator2Driver@984b (9d00ecac)] Responding to client with driver.click() result: null
2023-09-15 12:16:03:100 [HTTP] <-- POST /session/9d00ecac-4a85-4f97-9fec-6a75a7671ef9/element/00000000-0000-0907-ffff-ffff00000030/click 200 74 ms - 14
2023-09-15 12:16:03:100 [HTTP] 
2023-09-15 12:16:08:186 [HTTP] --> GET /session/9d00ecac-4a85-4f97-9fec-6a75a7671ef9/context
2023-09-15 12:16:08:186 [HTTP] {}
2023-09-15 12:16:08:187 [AndroidUiautomator2Driver@984b (9d00ecac)] Calling AppiumDriver.getCurrentContext() with args: ["9d00ecac-4a85-4f97-9fec-6a75a7671ef9"]
2023-09-15 12:16:08:188 [AndroidUiautomator2Driver@984b (9d00ecac)] Responding to client with driver.getCurrentContext() result: "NATIVE_APP"
2023-09-15 12:16:08:189 [HTTP] <-- GET /session/9d00ecac-4a85-4f97-9fec-6a75a7671ef9/context 200 3 ms - 22
2023-09-15 12:16:08:189 [HTTP] 
2023-09-15 12:16:08:194 [HTTP] --> POST /session/9d00ecac-4a85-4f97-9fec-6a75a7671ef9/element
2023-09-15 12:16:08:194 [HTTP] {"using":"class name","value":"android.widget.EditText"}
2023-09-15 12:16:08:194 [AndroidUiautomator2Driver@984b (9d00ecac)] Calling AppiumDriver.findElement() with args: ["class name","android.widget.EditText","9d00ecac-4a85-4f97-9fec-6a75a7671ef9"]
2023-09-15 12:16:08:194 [AndroidUiautomator2Driver@984b (9d00ecac)] Valid locator strategies for this request: xpath, id, class name, accessibility id, css selector, -android uiautomator
2023-09-15 12:16:08:194 [AndroidUiautomator2Driver@984b (9d00ecac)] Waiting up to 0 ms for condition
2023-09-15 12:16:08:195 [AndroidUiautomator2Driver@984b (9d00ecac)] Matched '/element' to command name 'findElement'
2023-09-15 12:16:08:195 [AndroidUiautomator2Driver@984b (9d00ecac)] Proxying [POST /element] to [POST http://127.0.0.1:8201/session/b6b50e69-81a8-48e3-a67f-ec5036385d8e/element] with body: {"strategy":"class name","selector":"android.widget.EditText","context":"","multiple":false}
2023-09-15 12:16:08:262 [AndroidUiautomator2Driver@984b (9d00ecac)] Got response with status 200: {"sessionId":"b6b50e69-81a8-48e3-a67f-ec5036385d8e","value":{"ELEMENT":"00000000-0000-0911-ffff-ffff00000052","element-6066-11e4-a52e-4f735466cecf":"00000000-0000-0911-ffff-ffff00000052"}}
2023-09-15 12:16:08:263 [AndroidUiautomator2Driver@984b (9d00ecac)] Responding to client with driver.findElement() result: {"element-6066-11e4-a52e-4f735466cecf":"00000000-0000-0911-ffff-ffff00000052","ELEMENT":"00000000-0000-0911-ffff-ffff00000052"}
2023-09-15 12:16:08:264 [HTTP] <-- POST /session/9d00ecac-4a85-4f97-9fec-6a75a7671ef9/element 200 70 ms - 137
2023-09-15 12:16:08:265 [HTTP] 
2023-09-15 12:16:08:272 [HTTP] --> POST /session/9d00ecac-4a85-4f97-9fec-6a75a7671ef9/element/00000000-0000-0911-ffff-ffff00000052/value
2023-09-15 12:16:08:272 [HTTP] {"id":"00000000-0000-0911-ffff-ffff00000052","text":"Test@123","value":["T","e","s","t","@","1","2","3"]}
2023-09-15 12:16:08:272 [AndroidUiautomator2Driver@984b (9d00ecac)] Calling AppiumDriver.setValue() with args: [["T","e","s","t","@","1","2","3"],"00000000-0000-0911-ffff-ffff00000052","9d00ecac-4a85-4f97-9fec-6a75a7671ef9"]
2023-09-15 12:16:08:273 [AndroidUiautomator2Driver@984b (9d00ecac)] Matched '/element/00000000-0000-0911-ffff-ffff00000052/value' to command name 'setValue'
2023-09-15 12:16:08:273 [AndroidUiautomator2Driver@984b (9d00ecac)] Added 'value' property ["T","e","s","t","@","1","2","3"] to 'setValue' request body
2023-09-15 12:16:08:273 [AndroidUiautomator2Driver@984b (9d00ecac)] Proxying [POST /element/00000000-0000-0911-ffff-ffff00000052/value] to [POST http://127.0.0.1:8201/session/b6b50e69-81a8-48e3-a67f-ec5036385d8e/element/00000000-0000-0911-ffff-ffff00000052/value] with body: {"elementId":"00000000-0000-0911-ffff-ffff00000052","text":"Test@123","replace":false,"value":["T","e","s","t","@","1","2","3"]}
2023-09-15 12:16:08:342 [AndroidUiautomator2Driver@984b (9d00ecac)] Got response with status 200: {"sessionId":"b6b50e69-81a8-48e3-a67f-ec5036385d8e","value":null}
2023-09-15 12:16:08:342 [AndroidUiautomator2Driver@984b (9d00ecac)] Responding to client with driver.setValue() result: null
2023-09-15 12:16:08:343 [HTTP] <-- POST /session/9d00ecac-4a85-4f97-9fec-6a75a7671ef9/element/00000000-0000-0911-ffff-ffff00000052/value 200 71 ms - 14
2023-09-15 12:16:08:343 [HTTP] 
2023-09-15 12:16:08:411 [HTTP] --> GET /session/9d00ecac-4a85-4f97-9fec-6a75a7671ef9/context
2023-09-15 12:16:08:411 [HTTP] {}
2023-09-15 12:16:08:411 [AndroidUiautomator2Driver@984b (9d00ecac)] Calling AppiumDriver.getCurrentContext() with args: ["9d00ecac-4a85-4f97-9fec-6a75a7671ef9"]
2023-09-15 12:16:08:412 [AndroidUiautomator2Driver@984b (9d00ecac)] Responding to client with driver.getCurrentContext() result: "NATIVE_APP"
2023-09-15 12:16:08:412 [HTTP] <-- GET /session/9d00ecac-4a85-4f97-9fec-6a75a7671ef9/context 200 1 ms - 22
2023-09-15 12:16:08:412 [HTTP] 
2023-09-15 12:16:08:413 [HTTP] --> POST /session/9d00ecac-4a85-4f97-9fec-6a75a7671ef9/element
2023-09-15 12:16:08:414 [HTTP] {"using":"xpath","value":"/hierarchy/android.widget.FrameLayout/android.widget.LinearLayout/android.widget.FrameLayout/android.widget.LinearLayout/android.widget.FrameLayout/android.view.ViewGroup/android.widget.ScrollView/android.view.ViewGroup/androidx.cardview.widget.CardView/android.view.ViewGroup/android.widget.Button"}
2023-09-15 12:16:08:414 [AndroidUiautomator2Driver@984b (9d00ecac)] Calling AppiumDriver.findElement() with args: ["xpath","/hierarchy/android.widget.FrameLayout/android.widget.LinearLayout/android.widget.FrameLayout/android.widget.LinearLayout/android.widget.FrameLayout/android.view.ViewGroup/android.widget.ScrollView/android.view.ViewGroup/androidx.cardview.widget.CardView/android.view.ViewGroup/android.widget.Button","9d00ecac-4a85-4f97-9fec-6a75a7671ef9"]
2023-09-15 12:16:08:414 [AndroidUiautomator2Driver@984b (9d00ecac)] Valid locator strategies for this request: xpath, id, class name, accessibility id, css selector, -android uiautomator
2023-09-15 12:16:08:414 [AndroidUiautomator2Driver@984b (9d00ecac)] Waiting up to 0 ms for condition
2023-09-15 12:16:08:414 [AndroidUiautomator2Driver@984b (9d00ecac)] Matched '/element' to command name 'findElement'
2023-09-15 12:16:08:414 [AndroidUiautomator2Driver@984b (9d00ecac)] Proxying [POST /element] to [POST http://127.0.0.1:8201/session/b6b50e69-81a8-48e3-a67f-ec5036385d8e/element] with body: {"strategy":"xpath","selector":"/hierarchy/android.widget.FrameLayout/android.widget.LinearLayout/android.widget.FrameLayout/android.widget.LinearLayout/android.widget.FrameLayout/android.view.ViewGroup/android.widget.ScrollView/android.view.ViewGroup/androidx.cardview.widget.CardView/android.view.ViewGroup/android.widget.Button","context":"","multiple":false}
2023-09-15 12:16:08:970 [AndroidUiautomator2Driver@984b (9d00ecac)] Got response with status 200: {"sessionId":"b6b50e69-81a8-48e3-a67f-ec5036385d8e","value":{"ELEMENT":"00000000-0000-0911-ffff-ffff00000058","element-6066-11e4-a52e-4f735466cecf":"00000000-0000-0911-ffff-ffff00000058"}}
2023-09-15 12:16:08:970 [AndroidUiautomator2Driver@984b (9d00ecac)] Responding to client with driver.findElement() result: {"element-6066-11e4-a52e-4f735466cecf":"00000000-0000-0911-ffff-ffff00000058","ELEMENT":"00000000-0000-0911-ffff-ffff00000058"}
2023-09-15 12:16:08:971 [HTTP] <-- POST /session/9d00ecac-4a85-4f97-9fec-6a75a7671ef9/element 200 557 ms - 137
2023-09-15 12:16:08:971 [HTTP] 
2023-09-15 12:16:08:974 [HTTP] --> POST /session/9d00ecac-4a85-4f97-9fec-6a75a7671ef9/element/00000000-0000-0911-ffff-ffff00000058/click
2023-09-15 12:16:08:974 [HTTP] {"id":"00000000-0000-0911-ffff-ffff00000058"}
2023-09-15 12:16:08:975 [AndroidUiautomator2Driver@984b (9d00ecac)] Calling AppiumDriver.click() with args: ["00000000-0000-0911-ffff-ffff00000058","9d00ecac-4a85-4f97-9fec-6a75a7671ef9"]
2023-09-15 12:16:08:975 [AndroidUiautomator2Driver@984b (9d00ecac)] Matched '/element/00000000-0000-0911-ffff-ffff00000058/click' to command name 'click'
2023-09-15 12:16:08:975 [AndroidUiautomator2Driver@984b (9d00ecac)] Proxying [POST /element/00000000-0000-0911-ffff-ffff00000058/click] to [POST http://127.0.0.1:8201/session/b6b50e69-81a8-48e3-a67f-ec5036385d8e/element/00000000-0000-0911-ffff-ffff00000058/click] with body: {"element":"00000000-0000-0911-ffff-ffff00000058"}
2023-09-15 12:16:11:544 [AndroidUiautomator2Driver@984b (9d00ecac)] Got response with status 200: {"sessionId":"b6b50e69-81a8-48e3-a67f-ec5036385d8e","value":null}
2023-09-15 12:16:11:545 [AndroidUiautomator2Driver@984b (9d00ecac)] Responding to client with driver.click() result: null
2023-09-15 12:16:11:546 [HTTP] <-- POST /session/9d00ecac-4a85-4f97-9fec-6a75a7671ef9/element/00000000-0000-0911-ffff-ffff00000058/click 200 2572 ms - 14
2023-09-15 12:16:11:546 [HTTP] 
2023-09-15 12:16:11:552 [HTTP] --> DELETE /session/9d00ecac-4a85-4f97-9fec-6a75a7671ef9
2023-09-15 12:16:11:552 [HTTP] {}
2023-09-15 12:16:11:552 [AndroidUiautomator2Driver@984b (9d00ecac)] Calling AppiumDriver.deleteSession() with args: ["9d00ecac-4a85-4f97-9fec-6a75a7671ef9"]
2023-09-15 12:16:11:553 [AppiumDriver@d724] Event 'quitSessionRequested' logged at 1694780171552 (17:46:11 GMT+0530 (India Standard Time))
2023-09-15 12:16:11:553 [AppiumDriver@d724] Removing session 9d00ecac-4a85-4f97-9fec-6a75a7671ef9 from our master session list
2023-09-15 12:16:11:554 [AndroidUiautomator2Driver@984b (9d00ecac)] Deleting UiAutomator2 session
2023-09-15 12:16:11:555 [AndroidUiautomator2Driver@984b (9d00ecac)] Deleting UiAutomator2 server session
2023-09-15 12:16:11:555 [AndroidUiautomator2Driver@984b (9d00ecac)] Matched '/' to command name 'deleteSession'
2023-09-15 12:16:11:555 [AndroidUiautomator2Driver@984b (9d00ecac)] Proxying [DELETE /] to [DELETE http://127.0.0.1:8201/session/b6b50e69-81a8-48e3-a67f-ec5036385d8e] with no body
2023-09-15 12:16:11:572 [AndroidUiautomator2Driver@984b (9d00ecac)] Got response with status 200: {"sessionId":"b6b50e69-81a8-48e3-a67f-ec5036385d8e","value":null}
2023-09-15 12:16:11:573 [ADB] Running '/Users/shubhamkumar/Library/Android/sdk/platform-tools/adb -P 5037 -s c11e02ad7d75 shell dumpsys activity services io.appium.settings/.recorder.RecorderService'
2023-09-15 12:16:11:577 [Logcat] Stopping logcat capture
2023-09-15 12:16:11:580 [ADB] Removing forwarded port socket connection: 8201 
2023-09-15 12:16:11:580 [ADB] Running '/Users/shubhamkumar/Library/Android/sdk/platform-tools/adb -P 5037 -s c11e02ad7d75 forward --remove tcp:8201'
2023-09-15 12:16:11:607 [AndroidUiautomator2Driver@984b (9d00ecac)] Restoring hidden api policy to the device default configuration
2023-09-15 12:16:11:607 [ADB] Running '/Users/shubhamkumar/Library/Android/sdk/platform-tools/adb -P 5037 -s c11e02ad7d75 shell 'settings delete global hidden_api_policy_pre_p_apps;settings delete global hidden_api_policy_p_apps;settings delete global hidden_api_policy''
2023-09-15 12:16:11:720 [AppiumDriver@d724] Event 'quitSessionFinished' logged at 1694780171720 (17:46:11 GMT+0530 (India Standard Time))
2023-09-15 12:16:11:721 [AppiumDriver@d724] Received response: null
2023-09-15 12:16:11:721 [AppiumDriver@d724] But deleting session, so not returning
2023-09-15 12:16:11:721 [AppiumDriver@d724] Responding to client with driver.deleteSession() result: null
2023-09-15 12:16:11:722 [HTTP] <-- DELETE /session/9d00ecac-4a85-4f97-9fec-6a75a7671ef9 200 169 ms - 14
2023-09-15 12:16:11:722 [HTTP] 
2023-09-15 12:16:11:730 [Appium] Received SIGTERM - shutting down
2023-09-15 12:16:11:730 [AppiumDriver@d724] There are no active sessions for cleanup
2023-09-15 12:16:11:735 uncaughtException: write EPIPE
Error: write EPIPE
    at afterWriteDispatched (node:internal/stream_base_commons:160:15)
    at writeGeneric (node:internal/stream_base_commons:151:3)
    at Socket._writeGeneric (node:net:952:11)
    at Socket._write (node:net:964:8)
    at writeOrBuffer (node:internal/streams/writable:399:12)
    at _write (node:internal/streams/writable:340:10)
    at Socket.Writable.write (node:internal/streams/writable:344:10)
    at Console.log (/opt/homebrew/lib/node_modules/appium/node_modules/winston/lib/winston/transports/console.js:79:23)
    at Console._write (/opt/homebrew/lib/node_modules/appium/node_modules/winston-transport/index.js:103:17)
    at doWrite (/opt/homebrew/lib/node_modules/appium/node_modules/readable-stream/lib/_stream_writable.js:390:139)
    at writeOrBuffer (/opt/homebrew/lib/node_modules/appium/node_modules/readable-stream/lib/_stream_writable.js:381:5)
    at Console.Writable.write (/opt/homebrew/lib/node_modules/appium/node_modules/readable-stream/lib/_stream_writable.js:302:11)
    at DerivedLogger.ondata (/opt/homebrew/lib/node_modules/appium/node_modules/readable-stream/lib/_stream_readable.js:629:20)
    at DerivedLogger.emit (node:events:526:35)
    at addChunk (/opt/homebrew/lib/node_modules/appium/node_modules/readable-stream/lib/_stream_readable.js:279:12)
    at readableAddChunk (/opt/homebrew/lib/node_modules/appium/node_modules/readable-stream/lib/_stream_readable.js:262:11)
    at DerivedLogger.Readable.push (/opt/homebrew/lib/node_modules/appium/node_modules/readable-stream/lib/_stream_readable.js:228:10)
    at DerivedLogger.Transform.push (/opt/homebrew/lib/node_modules/appium/node_modules/readable-stream/lib/_stream_transform.js:132:32)
    at DerivedLogger._transform (/opt/homebrew/lib/node_modules/appium/node_modules/winston/lib/winston/logger.js:313:12)
    at DerivedLogger.Transform._read (/opt/homebrew/lib/node_modules/appium/node_modules/readable-stream/lib/_stream_transform.js:166:10)
    at DerivedLogger.Transform._write (/opt/homebrew/lib/node_modules/appium/node_modules/readable-stream/lib/_stream_transform.js:155:83)
    at doWrite (/opt/homebrew/lib/node_modules/appium/node_modules/readable-stream/lib/_stream_writable.js:390:139)
2023-09-15 12:16:11:736 uncaughtException: write EPIPE
Error: write EPIPE
    at afterWriteDispatched (node:internal/stream_base_commons:160:15)
    at writeGeneric (node:internal/stream_base_commons:151:3)
    at Socket._writeGeneric (node:net:952:11)
    at Socket._write (node:net:964:8)
    at writeOrBuffer (node:internal/streams/writable:399:12)
    at _write (node:internal/streams/writable:340:10)
    at Socket.Writable.write (node:internal/streams/writable:344:10)
    at Console.log (/opt/homebrew/lib/node_modules/appium/node_modules/winston/lib/winston/transports/console.js:51:25)
    at Console._write (/opt/homebrew/lib/node_modules/appium/node_modules/winston-transport/index.js:103:17)
    at doWrite (/opt/homebrew/lib/node_modules/appium/node_modules/readable-stream/lib/_stream_writable.js:390:139)
    at writeOrBuffer (/opt/homebrew/lib/node_modules/appium/node_modules/readable-stream/lib/_stream_writable.js:381:5)
    at Console.Writable.write (/opt/homebrew/lib/node_modules/appium/node_modules/readable-stream/lib/_stream_writable.js:302:11)
    at DerivedLogger.ondata (/opt/homebrew/lib/node_modules/appium/node_modules/readable-stream/lib/_stream_readable.js:629:20)
    at DerivedLogger.emit (node:events:526:35)
    at addChunk (/opt/homebrew/lib/node_modules/appium/node_modules/readable-stream/lib/_stream_readable.js:279:12)
    at readableAddChunk (/opt/homebrew/lib/node_modules/appium/node_modules/readable-stream/lib/_stream_readable.js:262:11)
    at DerivedLogger.Readable.push (/opt/homebrew/lib/node_modules/appium/node_modules/readable-stream/lib/_stream_readable.js:228:10)
    at DerivedLogger.Transform.push (/opt/homebrew/lib/node_modules/appium/node_modules/readable-stream/lib/_stream_transform.js:132:32)
    at DerivedLogger._transform (/opt/homebrew/lib/node_modules/appium/node_modules/winston/lib/winston/logger.js:313:12)
    at DerivedLogger.Transform._read (/opt/homebrew/lib/node_modules/appium/node_modules/readable-stream/lib/_stream_transform.js:166:10)
    at DerivedLogger.Transform._write (/opt/homebrew/lib/node_modules/appium/node_modules/readable-stream/lib/_stream_transform.js:155:83)
    at doWrite (/opt/homebrew/lib/node_modules/appium/node_modules/readable-stream/lib/_stream_writable.js:390:139)
2023-09-15 12:16:11:738 uncaughtException: write EPIPE
Error: write EPIPE
    at afterWriteDispatched (node:internal/stream_base_commons:160:15)
    at writeGeneric (node:internal/stream_base_commons:151:3)
    at Socket._writeGeneric (node:net:952:11)
    at Socket._write (node:net:964:8)
    at writeOrBuffer (node:internal/streams/writable:399:12)
    at _write (node:internal/streams/writable:340:10)
    at Socket.Writable.write (node:internal/streams/writable:344:10)
    at Console.log (/opt/homebrew/lib/node_modules/appium/node_modules/winston/lib/winston/transports/console.js:51:25)
    at Console._write (/opt/homebrew/lib/node_modules/appium/node_modules/winston-transport/index.js:103:17)
    at doWrite (/opt/homebrew/lib/node_modules/appium/node_modules/readable-stream/lib/_stream_writable.js:390:139)
    at writeOrBuffer (/opt/homebrew/lib/node_modules/appium/node_modules/readable-stream/lib/_stream_writable.js:381:5)
    at Console.Writable.write (/opt/homebrew/lib/node_modules/appium/node_modules/readable-stream/lib/_stream_writable.js:302:11)
    at DerivedLogger.ondata (/opt/homebrew/lib/node_modules/appium/node_modules/readable-stream/lib/_stream_readable.js:629:20)
    at DerivedLogger.emit (node:events:526:35)
    at addChunk (/opt/homebrew/lib/node_modules/appium/node_modules/readable-stream/lib/_stream_readable.js:279:12)
    at readableAddChunk (/opt/homebrew/lib/node_modules/appium/node_modules/readable-stream/lib/_stream_readable.js:262:11)
    at DerivedLogger.Readable.push (/opt/homebrew/lib/node_modules/appium/node_modules/readable-stream/lib/_stream_readable.js:228:10)
    at DerivedLogger.Transform.push (/opt/homebrew/lib/node_modules/appium/node_modules/readable-stream/lib/_stream_transform.js:132:32)
    at DerivedLogger._transform (/opt/homebrew/lib/node_modules/appium/node_modules/winston/lib/winston/logger.js:313:12)
    at DerivedLogger.Transform._read (/opt/homebrew/lib/node_modules/appium/node_modules/readable-stream/lib/_stream_transform.js:166:10)
    at DerivedLogger.Transform._write (/opt/homebrew/lib/node_modules/appium/node_modules/readable-stream/lib/_stream_transform.js:155:83)
    at doWrite (/opt/homebrew/lib/node_modules/appium/node_modules/readable-stream/lib/_stream_writable.js:390:139)
2023-09-15 12:16:11:739 uncaughtException: write EPIPE
Error: write EPIPE
    at afterWriteDispatched (node:internal/stream_base_commons:160:15)
    at writeGeneric (node:internal/stream_base_commons:151:3)
    at Socket._writeGeneric (node:net:952:11)
    at Socket._write (node:net:964:8)
    at writeOrBuffer (node:internal/streams/writable:399:12)
    at _write (node:internal/streams/writable:340:10)
    at Socket.Writable.write (node:internal/streams/writable:344:10)
    at Console.log (/opt/homebrew/lib/node_modules/appium/node_modules/winston/lib/winston/transports/console.js:51:25)
    at Console._write (/opt/homebrew/lib/node_modules/appium/node_modules/winston-transport/index.js:103:17)
    at doWrite (/opt/homebrew/lib/node_modules/appium/node_modules/readable-stream/lib/_stream_writable.js:390:139)
    at writeOrBuffer (/opt/homebrew/lib/node_modules/appium/node_modules/readable-stream/lib/_stream_writable.js:381:5)
    at Console.Writable.write (/opt/homebrew/lib/node_modules/appium/node_modules/readable-stream/lib/_stream_writable.js:302:11)
    at DerivedLogger.ondata (/opt/homebrew/lib/node_modules/appium/node_modules/readable-stream/lib/_stream_readable.js:629:20)
    at DerivedLogger.emit (node:events:526:35)
    at addChunk (/opt/homebrew/lib/node_modules/appium/node_modules/readable-stream/lib/_stream_readable.js:279:12)
    at readableAddChunk (/opt/homebrew/lib/node_modules/appium/node_modules/readable-stream/lib/_stream_readable.js:262:11)
    at DerivedLogger.Readable.push (/opt/homebrew/lib/node_modules/appium/node_modules/readable-stream/lib/_stream_readable.js:228:10)
    at DerivedLogger.Transform.push (/opt/homebrew/lib/node_modules/appium/node_modules/readable-stream/lib/_stream_transform.js:132:32)
    at DerivedLogger._transform (/opt/homebrew/lib/node_modules/appium/node_modules/winston/lib/winston/logger.js:313:12)
    at DerivedLogger.Transform._read (/opt/homebrew/lib/node_modules/appium/node_modules/readable-stream/lib/_stream_transform.js:166:10)
    at DerivedLogger.Transform._write (/opt/homebrew/lib/node_modules/appium/node_modules/readable-stream/lib/_stream_transform.js:155:83)
    at doWrite (/opt/homebrew/lib/node_modules/appium/node_modules/readable-stream/lib/_stream_writable.js:390:139)
2023-09-15 12:16:11:740 uncaughtException: write EPIPE
Error: write EPIPE
    at afterWriteDispatched (node:internal/stream_base_commons:160:15)
    at writeGeneric (node:internal/stream_base_commons:151:3)
    at Socket._writeGeneric (node:net:952:11)
    at Socket._write (node:net:964:8)
    at writeOrBuffer (node:internal/streams/writable:399:12)
    at _write (node:internal/streams/writable:340:10)
    at Socket.Writable.write (node:internal/streams/writable:344:10)
    at Console.log (/opt/homebrew/lib/node_modules/appium/node_modules/winston/lib/winston/transports/console.js:51:25)
    at Console._write (/opt/homebrew/lib/node_modules/appium/node_modules/winston-transport/index.js:103:17)
    at doWrite (/opt/homebrew/lib/node_modules/appium/node_modules/readable-stream/lib/_stream_writable.js:390:139)
    at writeOrBuffer (/opt/homebrew/lib/node_modules/appium/node_modules/readable-stream/lib/_stream_writable.js:381:5)
    at Console.Writable.write (/opt/homebrew/lib/node_modules/appium/node_modules/readable-stream/lib/_stream_writable.js:302:11)
    at DerivedLogger.ondata (/opt/homebrew/lib/node_modules/appium/node_modules/readable-stream/lib/_stream_readable.js:629:20)
    at DerivedLogger.emit (node:events:526:35)
    at addChunk (/opt/homebrew/lib/node_modules/appium/node_modules/readable-stream/lib/_stream_readable.js:279:12)
    at readableAddChunk (/opt/homebrew/lib/node_modules/appium/node_modules/readable-stream/lib/_stream_readable.js:262:11)
    at DerivedLogger.Readable.push (/opt/homebrew/lib/node_modules/appium/node_modules/readable-stream/lib/_stream_readable.js:228:10)
    at DerivedLogger.Transform.push (/opt/homebrew/lib/node_modules/appium/node_modules/readable-stream/lib/_stream_transform.js:132:32)
    at DerivedLogger._transform (/opt/homebrew/lib/node_modules/appium/node_modules/winston/lib/winston/logger.js:313:12)
    at DerivedLogger.Transform._read (/opt/homebrew/lib/node_modules/appium/node_modules/readable-stream/lib/_stream_transform.js:166:10)
    at DerivedLogger.Transform._write (/opt/homebrew/lib/node_modules/appium/node_modules/readable-stream/lib/_stream_transform.js:155:83)
    at doWrite (/opt/homebrew/lib/node_modules/appium/node_modules/readable-stream/lib/_stream_writable.js:390:139)
