2023-09-18 21:30:58:316 [Appium] Welcome to Appium v2.0.1
2023-09-18 21:30:58:319 [Appium] Non-default server args:
2023-09-18 21:30:58:321 [Appium] { port: 26730, sessionOverride: true }
2023-09-18 21:30:58:321 [Appium] Attempting to load driver uiautomator2...
2023-09-18 21:30:58:322 [Appium] Requiring driver at /Users/surojit/.appium/node_modules/appium-uiautomator2-driver
2023-09-18 21:30:59:143 [Appium] Appium REST http interface listener started on http://0.0.0.0:26730
2023-09-18 21:30:59:145 [Appium] You can provide the following URLS in your client code to connect to this server:
2023-09-18 21:30:59:146 [Appium] 	http://127.0.0.1:26730/ (only accessible from the same host)
2023-09-18 21:30:59:146 [Appium] 	http://192.168.1.6:26730/
2023-09-18 21:30:59:146 [Appium] Available drivers:
2023-09-18 21:30:59:146 [Appium]   - uiautomator2@2.29.8 (automationName 'UiAutomator2')
2023-09-18 21:30:59:147 [Appium] No plugins have been installed. Use the "appium plugin" command to install the one(s) you want to use.
2023-09-18 21:30:59:178 [HTTP] --> GET /status
2023-09-18 21:30:59:179 [HTTP] {}
2023-09-18 21:30:59:180 [AppiumDriver@76e9] Calling AppiumDriver.getStatus() with args: []
2023-09-18 21:30:59:181 [AppiumDriver@76e9] Responding to client with driver.getStatus() result: {"build":{"version":"2.0.1"}}
2023-09-18 21:30:59:185 [HTTP] <-- GET /status 200 6 ms - 39
2023-09-18 21:30:59:186 [HTTP] 
2023-09-18 21:30:59:189 [HTTP] --> GET /status
2023-09-18 21:30:59:189 [HTTP] {}
2023-09-18 21:30:59:190 [AppiumDriver@76e9] Calling AppiumDriver.getStatus() with args: []
2023-09-18 21:30:59:190 [AppiumDriver@76e9] Responding to client with driver.getStatus() result: {"build":{"version":"2.0.1"}}
2023-09-18 21:30:59:191 [HTTP] <-- GET /status 200 1 ms - 39
2023-09-18 21:30:59:191 [HTTP] 
2023-09-18 21:30:59:701 [HTTP] Request idempotency key: 1027b924-8978-4657-9454-5c3539fade5f
2023-09-18 21:30:59:716 [HTTP] --> POST /session
2023-09-18 21:30:59:716 [HTTP] {"capabilities":{"firstMatch":[{}],"alwaysMatch":{"appium:app":"/Users/surojit/Documents/Appreciate/AppreciateMobileAutomation/src/test/resources/Apps/UAT/AppreicateAndroidUAT.apk","appium:appPackage":"com.appreciatewealth.android.uat","appium:automationName":"UiAutomator2","appium:deviceName":"Nokia C22","appium:fullReset":false,"appium:noReset":true,"appium:udid":"4Z01Z3291Y350602478","platformName":"ANDROID"}}}
2023-09-18 21:30:59:716 [AppiumDriver@76e9] Calling AppiumDriver.createSession() with args: [null,null,{"firstMatch":[{}],"alwaysMatch":{"appium:app":"/Users/surojit/Documents/Appreciate/AppreciateMobileAutomation/src/test/resources/Apps/UAT/AppreicateAndroidUAT.apk","appium:appPackage":"com.appreciatewealth.android.uat","appium:automationName":"UiAutomator2","appium:deviceName":"Nokia C22","appium:fullReset":false,"appium:noReset":true,"appium:udid":"4Z01Z3291Y350602478","platformName":"ANDROID"}}]
2023-09-18 21:30:59:717 [AppiumDriver@76e9] Event 'newSessionRequested' logged at 1695072659717 (03:00:59 GMT+0530 (India Standard Time))
2023-09-18 21:30:59:720 [Appium] Attempting to find matching driver for automationName 'UiAutomator2' and platformName 'ANDROID'
2023-09-18 21:30:59:720 [Appium] The 'uiautomator2' driver was installed and matched caps.
2023-09-18 21:30:59:720 [Appium] Will require it at /Users/surojit/.appium/node_modules/appium-uiautomator2-driver
2023-09-18 21:30:59:721 [Appium] Requiring driver at /Users/surojit/.appium/node_modules/appium-uiautomator2-driver
2023-09-18 21:30:59:721 [AppiumDriver@76e9] Appium v2.0.1 creating new AndroidUiautomator2Driver (v2.29.8) session
2023-09-18 21:30:59:721 [AppiumDriver@76e9] Checking BaseDriver versions for Appium and AndroidUiautomator2Driver
2023-09-18 21:30:59:721 [AppiumDriver@76e9] Appium's BaseDriver version is 9.3.20
2023-09-18 21:30:59:721 [AppiumDriver@76e9] AndroidUiautomator2Driver's BaseDriver version is 9.3.20
2023-09-18 21:30:59:721 [AppiumDriver@76e9] There are no active sessions for cleanup
2023-09-18 21:30:59:723 [AndroidUiautomator2Driver@2067] Creating session with W3C capabilities: {
2023-09-18 21:30:59:723 [AndroidUiautomator2Driver@2067]   "alwaysMatch": {
2023-09-18 21:30:59:723 [AndroidUiautomator2Driver@2067]     "platformName": "ANDROID",
2023-09-18 21:30:59:723 [AndroidUiautomator2Driver@2067]     "appium:app": "/Users/surojit/Documents/Appreciate/AppreciateMobileAutomation/src/test/resources/Apps/UAT/AppreicateAndroidUAT.apk",
2023-09-18 21:30:59:723 [AndroidUiautomator2Driver@2067]     "appium:appPackage": "com.appreciatewealth.android.uat",
2023-09-18 21:30:59:723 [AndroidUiautomator2Driver@2067]     "appium:automationName": "UiAutomator2",
2023-09-18 21:30:59:723 [AndroidUiautomator2Driver@2067]     "appium:deviceName": "Nokia C22",
2023-09-18 21:30:59:723 [AndroidUiautomator2Driver@2067]     "appium:fullReset": false,
2023-09-18 21:30:59:723 [AndroidUiautomator2Driver@2067]     "appium:noReset": true,
2023-09-18 21:30:59:723 [AndroidUiautomator2Driver@2067]     "appium:udid": "4Z01Z3291Y350602478"
2023-09-18 21:30:59:723 [AndroidUiautomator2Driver@2067]   },
2023-09-18 21:30:59:723 [AndroidUiautomator2Driver@2067]   "firstMatch": [
2023-09-18 21:30:59:723 [AndroidUiautomator2Driver@2067]     {}
2023-09-18 21:30:59:724 [AndroidUiautomator2Driver@2067]   ]
2023-09-18 21:30:59:724 [AndroidUiautomator2Driver@2067] }
2023-09-18 21:30:59:729 [AndroidUiautomator2Driver@2067] The following capabilities were provided, but are not recognized by Appium:
2023-09-18 21:30:59:729 [AndroidUiautomator2Driver@2067]   deviceName
2023-09-18 21:30:59:729 [AndroidUiautomator2Driver@2067 (d2247c0e)] Session created with session id: d2247c0e-5e6c-460b-8def-fc3dcf2fac6c
2023-09-18 21:30:59:731 [BaseDriver] Using local app '/Users/surojit/Documents/Appreciate/AppreciateMobileAutomation/src/test/resources/Apps/UAT/AppreicateAndroidUAT.apk'
2023-09-18 21:30:59:905 [AndroidUiautomator2Driver@2067 (d2247c0e)] Checking whether app is actually present
2023-09-18 21:30:59:915 [ADB] Found 2 'build-tools' folders under '/Users/surojit/Library/Android/sdk' (newest first):
2023-09-18 21:30:59:916 [ADB]     /Users/surojit/Library/Android/sdk/build-tools/34.0.0
2023-09-18 21:30:59:916 [ADB]     /Users/surojit/Library/Android/sdk/build-tools/33.0.1
2023-09-18 21:30:59:916 [ADB] Using 'adb' from '/Users/surojit/Library/Android/sdk/platform-tools/adb'
2023-09-18 21:30:59:916 [ADB] Running '/Users/surojit/Library/Android/sdk/platform-tools/adb -P 5037 start-server'
2023-09-18 21:30:59:936 [AndroidDriver] Retrieving device list
2023-09-18 21:30:59:936 [ADB] Trying to find connected Android devices
2023-09-18 21:30:59:936 [ADB] Getting connected devices
2023-09-18 21:30:59:955 [ADB] Connected devices: [{"udid":"4Z01Z3291Y350602478","state":"device"}]
2023-09-18 21:30:59:956 [AndroidDriver] Using device: 4Z01Z3291Y350602478
2023-09-18 21:30:59:956 [ADB] Using 'adb' from '/Users/surojit/Library/Android/sdk/platform-tools/adb'
2023-09-18 21:30:59:957 [ADB] Running '/Users/surojit/Library/Android/sdk/platform-tools/adb -P 5037 start-server'
2023-09-18 21:30:59:975 [ADB] Setting device id to 4Z01Z3291Y350602478
2023-09-18 21:30:59:976 [ADB] Running '/Users/surojit/Library/Android/sdk/platform-tools/adb -P 5037 -s 4Z01Z3291Y350602478 shell getprop ro.build.version.sdk'
2023-09-18 21:31:00:033 [ADB] Current device property 'ro.build.version.sdk': 33
2023-09-18 21:31:00:033 [ADB] Getting device platform version
2023-09-18 21:31:00:033 [ADB] Running '/Users/surojit/Library/Android/sdk/platform-tools/adb -P 5037 -s 4Z01Z3291Y350602478 shell getprop ro.build.version.release'
2023-09-18 21:31:00:091 [ADB] Current device property 'ro.build.version.release': 13
2023-09-18 21:31:00:091 [ADB] Device API level: 33
2023-09-18 21:31:00:091 [AndroidUiautomator2Driver@2067 (d2247c0e)] Relaxing hidden api policy
2023-09-18 21:31:00:091 [ADB] Running '/Users/surojit/Library/Android/sdk/platform-tools/adb -P 5037 -s 4Z01Z3291Y350602478 shell 'settings put global hidden_api_policy_pre_p_apps 1;settings put global hidden_api_policy_p_apps 1;settings put global hidden_api_policy 1''
2023-09-18 21:31:00:282 [AndroidDriver] Parsing package and activity from app manifest
2023-09-18 21:31:00:312 [ADB] Package name: 'com.appreciatewealth.android.uat'
2023-09-18 21:31:00:312 [ADB] Main activity name: 'com.appreciatewealth.android.activity.startup.SplashScreen'
2023-09-18 21:31:00:312 [AndroidDriver] Parsed package and activity are: com.appreciatewealth.android.uat/com.appreciatewealth.android.activity.startup.SplashScreen
2023-09-18 21:31:00:312 [AndroidDriver] Pushing settings apk to device...
2023-09-18 21:31:00:313 [ADB] Getting package info for 'io.appium.settings'
2023-09-18 21:31:00:313 [ADB] Running '/Users/surojit/Library/Android/sdk/platform-tools/adb -P 5037 -s 4Z01Z3291Y350602478 shell dumpsys package io.appium.settings'
2023-09-18 21:31:00:402 [ADB] The version name of the installed 'io.appium.settings' is greater or equal to the application version name ('5.1.2' >= '5.1.2')
2023-09-18 21:31:00:403 [ADB] There is no need to install/upgrade '/Users/surojit/.appium/node_modules/appium-uiautomator2-driver/node_modules/io.appium.settings/apks/settings_apk-debug.apk'
2023-09-18 21:31:00:403 [ADB] Getting IDs of all 'io.appium.settings' processes
2023-09-18 21:31:00:404 [ADB] Running '/Users/surojit/Library/Android/sdk/platform-tools/adb -P 5037 -s 4Z01Z3291Y350602478 shell 'pgrep --help; echo $?''
2023-09-18 21:31:00:468 [ADB] Running '/Users/surojit/Library/Android/sdk/platform-tools/adb -P 5037 -s 4Z01Z3291Y350602478 shell pgrep -f \(\[\[:blank:\]\]\|\^\)io\.appium\.settings\(\[\[:blank:\]\]\|\$\)'
2023-09-18 21:31:00:594 [AndroidDriver] io.appium.settings is already running. There is no need to reset its permissions.
2023-09-18 21:31:00:594 [ADB] Running '/Users/surojit/Library/Android/sdk/platform-tools/adb -P 5037 -s 4Z01Z3291Y350602478 shell appops set io.appium.settings android:mock_location allow'
2023-09-18 21:31:00:683 [ADB] Running '/Users/surojit/Library/Android/sdk/platform-tools/adb -P 5037 -s 4Z01Z3291Y350602478 shell "[ -e '/data/local/tmp/mock_apps.json' ] && echo __PASS__"'
2023-09-18 21:31:00:727 [ADB] Running '/Users/surojit/Library/Android/sdk/platform-tools/adb -P 5037 -s 4Z01Z3291Y350602478 shell cat /data/local/tmp/mock_apps.json'
2023-09-18 21:31:00:790 [Logcat] Starting logs capture with command: /Users/surojit/Library/Android/sdk/platform-tools/adb -P 5037 -s 4Z01Z3291Y350602478 logcat -v threadtime
2023-09-18 21:31:00:855 [AndroidUiautomator2Driver@2067 (d2247c0e)] Forwarding UiAutomator2 Server port 6790 to local port 8200
2023-09-18 21:31:00:856 [ADB] Forwarding system: 8200 to device: 6790
2023-09-18 21:31:00:856 [ADB] Running '/Users/surojit/Library/Android/sdk/platform-tools/adb -P 5037 -s 4Z01Z3291Y350602478 forward tcp:8200 tcp:6790'
2023-09-18 21:31:00:878 [ADB] Checking app cert for /Users/surojit/.appium/node_modules/appium-uiautomator2-driver/node_modules/appium-uiautomator2-server/apks/appium-uiautomator2-server-v5.12.5.apk
2023-09-18 21:31:00:878 [ADB] Checking app cert for /Users/surojit/.appium/node_modules/appium-uiautomator2-driver/node_modules/appium-uiautomator2-server/apks/appium-uiautomator2-server-debug-androidTest.apk
2023-09-18 21:31:00:886 [ADB] Using 'apksigner.jar' from '/Users/surojit/Library/Android/sdk/build-tools/34.0.0/lib/apksigner.jar'
2023-09-18 21:31:00:888 [ADB] Starting apksigner: /Library/Java/JavaVirtualMachines/jdk-20.jdk/Contents/Home/bin/java -Xmx1024M -Xss1m -jar /Users/surojit/Library/Android/sdk/build-tools/34.0.0/lib/apksigner.jar verify --print-certs /Users/surojit/.appium/node_modules/appium-uiautomator2-driver/node_modules/appium-uiautomator2-server/apks/appium-uiautomator2-server-debug-androidTest.apk
2023-09-18 21:31:00:918 [ADB] Starting apksigner: /Library/Java/JavaVirtualMachines/jdk-20.jdk/Contents/Home/bin/java -Xmx1024M -Xss1m -jar /Users/surojit/Library/Android/sdk/build-tools/34.0.0/lib/apksigner.jar verify --print-certs /Users/surojit/.appium/node_modules/appium-uiautomator2-driver/node_modules/appium-uiautomator2-server/apks/appium-uiautomator2-server-v5.12.5.apk
2023-09-18 21:31:01:379 [ADB] apksigner stdout: Signer #1 certificate DN: EMAILADDRESS=android@android.com, CN=Android, OU=Android, O=Android, L=Mountain View, ST=California, C=US
2023-09-18 21:31:01:379 [ADB] Signer #1 certificate SHA-256 digest: a40da80a59d170caa950cf15c18c454d47a39b26989d8b640ecd745ba71bf5dc
2023-09-18 21:31:01:379 [ADB] Signer #1 certificate SHA-1 digest: 61ed377e85d386a8dfee6b864bd85b0bfaa5af81
2023-09-18 21:31:01:379 [ADB] Signer #1 certificate MD5 digest: e89b158e4bcf988ebd09eb83f5378e87
2023-09-18 21:31:01:379 [ADB] 
2023-09-18 21:31:01:379 [ADB] sha256 hash did match for 'appium-uiautomator2-server-debug-androidTest.apk'
2023-09-18 21:31:01:379 [ADB] '/Users/surojit/.appium/node_modules/appium-uiautomator2-driver/node_modules/appium-uiautomator2-server/apks/appium-uiautomator2-server-debug-androidTest.apk' is signed with the default certificate
2023-09-18 21:31:01:379 [ADB] Getting install status for io.appium.uiautomator2.server.test
2023-09-18 21:31:01:379 [ADB] Running '/Users/surojit/Library/Android/sdk/platform-tools/adb -P 5037 -s 4Z01Z3291Y350602478 shell pm path io.appium.uiautomator2.server.test'
2023-09-18 21:31:01:458 [ADB] 'io.appium.uiautomator2.server.test' is installed
2023-09-18 21:31:01:829 [ADB] apksigner stdout: Signer #1 certificate DN: EMAILADDRESS=android@android.com, CN=Android, OU=Android, O=Android, L=Mountain View, ST=California, C=US
2023-09-18 21:31:01:829 [ADB] Signer #1 certificate SHA-256 digest: a40da80a59d170caa950cf15c18c454d47a39b26989d8b640ecd745ba71bf5dc
2023-09-18 21:31:01:829 [ADB] Signer #1 certificate SHA-1 digest: 61ed377e85d386a8dfee6b864bd85b0bfaa5af81
2023-09-18 21:31:01:829 [ADB] Signer #1 certificate MD5 digest: e89b158e4bcf988ebd09eb83f5378e87
2023-09-18 21:31:01:829 [ADB] 
2023-09-18 21:31:01:829 [ADB] sha256 hash did match for 'appium-uiautomator2-server-v5.12.5.apk'
2023-09-18 21:31:01:829 [ADB] '/Users/surojit/.appium/node_modules/appium-uiautomator2-driver/node_modules/appium-uiautomator2-server/apks/appium-uiautomator2-server-v5.12.5.apk' is signed with the default certificate
2023-09-18 21:31:01:829 [ADB] Getting package info for 'io.appium.uiautomator2.server'
2023-09-18 21:31:01:829 [ADB] Running '/Users/surojit/Library/Android/sdk/platform-tools/adb -P 5037 -s 4Z01Z3291Y350602478 shell dumpsys package io.appium.uiautomator2.server'
2023-09-18 21:31:02:056 [ADB] The version name of the installed 'io.appium.uiautomator2.server' is greater or equal to the application version name ('5.12.5' >= '5.12.5')
2023-09-18 21:31:02:056 [AndroidUiautomator2Driver@2067 (d2247c0e)] Server packages status: [{"wasSigned":true,"installState":"sameVersionInstalled","appPath":"/Users/surojit/.appium/node_modules/appium-uiautomator2-driver/node_modules/appium-uiautomator2-server/apks/appium-uiautomator2-server-v5.12.5.apk","appId":"io.appium.uiautomator2.server"},{"wasSigned":true,"installState":"sameVersionInstalled","appPath":"/Users/surojit/.appium/node_modules/appium-uiautomator2-driver/node_modules/appium-uiautomator2-server/apks/appium-uiautomator2-server-debug-androidTest.apk","appId":"io.appium.uiautomator2.server.test"}]
2023-09-18 21:31:02:057 [AndroidUiautomator2Driver@2067 (d2247c0e)] Server packages are not going to be (re)installed
2023-09-18 21:31:02:057 [AndroidUiautomator2Driver@2067 (d2247c0e)] Waiting up to 30000ms for services to be available
2023-09-18 21:31:02:058 [ADB] Running '/Users/surojit/Library/Android/sdk/platform-tools/adb -P 5037 -s 4Z01Z3291Y350602478 shell pm list instrumentation'
2023-09-18 21:31:02:139 [AndroidUiautomator2Driver@2067 (d2247c0e)] Instrumentation target 'io.appium.uiautomator2.server.test/androidx.test.runner.AndroidJUnitRunner' is available
2023-09-18 21:31:02:142 [ADB] Adding packages ["io.appium.settings","io.appium.uiautomator2.server","io.appium.uiautomator2.server.test"] to Doze whitelist
2023-09-18 21:31:02:142 [ADB] Got the following command chunks to execute: [["dumpsys","deviceidle","whitelist","+io.appium.settings",";","dumpsys","deviceidle","whitelist","+io.appium.uiautomator2.server",";","dumpsys","deviceidle","whitelist","+io.appium.uiautomator2.server.test",";"]]
2023-09-18 21:31:02:142 [ADB] Running '/Users/surojit/Library/Android/sdk/platform-tools/adb -P 5037 -s 4Z01Z3291Y350602478 shell dumpsys deviceidle whitelist +io.appium.settings ; dumpsys deviceidle whitelist +io.appium.uiautomator2.server ; dumpsys deviceidle whitelist +io.appium.uiautomator2.server.test ;'
2023-09-18 21:31:02:268 [ADB] Getting install status for com.appreciatewealth.android.uat
2023-09-18 21:31:02:268 [ADB] Running '/Users/surojit/Library/Android/sdk/platform-tools/adb -P 5037 -s 4Z01Z3291Y350602478 shell pm path com.appreciatewealth.android.uat'
2023-09-18 21:31:02:359 [ADB] 'com.appreciatewealth.android.uat' is installed
2023-09-18 21:31:02:359 [AndroidUiautomator2Driver@2067 (d2247c0e)] noReset has been requested and the app is already installed. Doing nothing
2023-09-18 21:31:02:359 [AndroidUiautomator2Driver@2067 (d2247c0e)] Performing shallow cleanup of automation leftovers
2023-09-18 21:31:02:376 [AndroidUiautomator2Driver@2067 (d2247c0e)] No obsolete sessions have been detected (socket hang up)
2023-09-18 21:31:02:377 [ADB] Running '/Users/surojit/Library/Android/sdk/platform-tools/adb -P 5037 -s 4Z01Z3291Y350602478 shell am force-stop io.appium.uiautomator2.server.test'
2023-09-18 21:31:02:482 [AndroidUiautomator2Driver@2067 (d2247c0e)] Starting UIAutomator2 server 5.12.5
2023-09-18 21:31:02:482 [AndroidUiautomator2Driver@2067 (d2247c0e)] Using UIAutomator2 server from '/Users/surojit/.appium/node_modules/appium-uiautomator2-driver/node_modules/appium-uiautomator2-server/apks/appium-uiautomator2-server-v5.12.5.apk' and test from '/Users/surojit/.appium/node_modules/appium-uiautomator2-driver/node_modules/appium-uiautomator2-server/apks/appium-uiautomator2-server-debug-androidTest.apk'
2023-09-18 21:31:02:482 [AndroidUiautomator2Driver@2067 (d2247c0e)] Waiting up to 30000ms for UiAutomator2 to be online...
2023-09-18 21:31:02:483 [ADB] Creating ADB subprocess with args: ["-P","5037","-s","4Z01Z3291Y350602478","shell","am","instrument","-w","-e","disableAnalytics",true,"io.appium.uiautomator2.server.test/androidx.test.runner.AndroidJUnitRunner"]
2023-09-18 21:31:02:485 [AndroidUiautomator2Driver@2067 (d2247c0e)] Matched '/status' to command name 'getStatus'
2023-09-18 21:31:02:486 [AndroidUiautomator2Driver@2067 (d2247c0e)] Proxying [GET /status] to [GET http://127.0.0.1:8200/status] with no body
2023-09-18 21:31:02:500 [AndroidUiautomator2Driver@2067 (d2247c0e)] socket hang up
2023-09-18 21:31:03:502 [AndroidUiautomator2Driver@2067 (d2247c0e)] Matched '/status' to command name 'getStatus'
2023-09-18 21:31:03:503 [AndroidUiautomator2Driver@2067 (d2247c0e)] Proxying [GET /status] to [GET http://127.0.0.1:8200/status] with no body
2023-09-18 21:31:03:510 [AndroidUiautomator2Driver@2067 (d2247c0e)] socket hang up
2023-09-18 21:31:04:511 [AndroidUiautomator2Driver@2067 (d2247c0e)] Matched '/status' to command name 'getStatus'
2023-09-18 21:31:04:511 [AndroidUiautomator2Driver@2067 (d2247c0e)] Proxying [GET /status] to [GET http://127.0.0.1:8200/status] with no body
2023-09-18 21:31:04:520 [AndroidUiautomator2Driver@2067 (d2247c0e)] socket hang up
2023-09-18 21:31:04:887 [Instrumentation] io.appium.uiautomator2.server.test.AppiumUiAutomator2Server:
2023-09-18 21:31:05:521 [AndroidUiautomator2Driver@2067 (d2247c0e)] Matched '/status' to command name 'getStatus'
2023-09-18 21:31:05:521 [AndroidUiautomator2Driver@2067 (d2247c0e)] Proxying [GET /status] to [GET http://127.0.0.1:8200/status] with no body
2023-09-18 21:31:05:527 [AndroidUiautomator2Driver@2067 (d2247c0e)] socket hang up
2023-09-18 21:31:06:527 [AndroidUiautomator2Driver@2067 (d2247c0e)] Matched '/status' to command name 'getStatus'
2023-09-18 21:31:06:527 [AndroidUiautomator2Driver@2067 (d2247c0e)] Proxying [GET /status] to [GET http://127.0.0.1:8200/status] with no body
2023-09-18 21:31:06:647 [AndroidUiautomator2Driver@2067 (d2247c0e)] Got response with status 200: {"sessionId":"None","value":{"message":"UiAutomator2 Server is ready to accept commands","ready":true}}
2023-09-18 21:31:06:647 [AndroidUiautomator2Driver@2067 (d2247c0e)] The initialization of the instrumentation process took 4165ms
2023-09-18 21:31:06:647 [AndroidUiautomator2Driver@2067 (d2247c0e)] Matched '/session' to command name 'createSession'
2023-09-18 21:31:06:648 [AndroidUiautomator2Driver@2067 (d2247c0e)] Proxying [POST /session] to [POST http://127.0.0.1:8200/session] with body: {"capabilities":{"firstMatch":[{"platform":"LINUX","webStorageEnabled":false,"takesScreenshot":true,"javascriptEnabled":true,"databaseEnabled":false,"networkConnectionEnabled":true,"locationContextEnabled":false,"warnings":{},"desired":{"platformName":"ANDROID","app":"/Users/surojit/Documents/Appreciate/AppreciateMobileAutomation/src/test/resources/Apps/UAT/AppreicateAndroidUAT.apk","appPackage":"com.appreciatewealth.android.uat","automationName":"UiAutomator2","deviceName":"Nokia C22","fullReset":false,"noReset":true,"udid":"4Z01Z3291Y350602478"},"platformName":"ANDROID","app":"/Users/surojit/Documents/Appreciate/AppreciateMobileAutomation/src/test/resources/Apps/UAT/AppreicateAndroidUAT.apk","appPackage":"com.appreciatewealth.android.uat","automationName":"UiAutomator2","deviceName":"4Z01Z3291Y350602478","fullReset":false,"noReset":true,"udid":"4Z01Z3291Y350602478","deviceUDID":"4Z01Z3291Y350602478"}],"alwaysMatch":{}}}
2023-09-18 21:31:06:722 [AndroidUiautomator2Driver@2067 (d2247c0e)] Got response with status 200: {"sessionId":"8e4cfdbd-f657-4258-ba65-36c32539bede","value":{"capabilities":{"firstMatch":[{"platform":"LINUX","webStorageEnabled":false,"takesScreenshot":true,"javascriptEnabled":true,"databaseEnabled":false,"networkConnectionEnabled":true,"locationContextEnabled":false,"warnings":{},"desired":{"platformName":"ANDROID","app":"/Users/surojit/Documents/Appreciate/AppreciateMobileAutomation/src/test/resources/Apps/UAT/AppreicateAndroidUAT.apk","appPackage":"com.appreciatewealth.android.uat","automationName":"UiAutomator2","deviceName":"Nokia C22","fullReset":false,"noReset":true,"udid":"4Z01Z3291Y350602478"},"platformName":"ANDROID","app":"/Users/surojit/Documents/Appreciate/AppreciateMobileAutomation/src/test/resources/Apps/UAT/AppreicateAndroidUAT.apk","appPackage":"com.appreciatewealth.android.uat","automationName":"UiAutomator2","deviceName":"4Z01Z3291Y350602478","fullReset":false,"noReset":true,"udid":"4Z01Z3291Y350602478","deviceUDID":"4Z01Z3291Y350602478"}],"alwaysMatch":{}},"sessionId":"8e4cfdbd-f657...
2023-09-18 21:31:06:723 [AndroidUiautomator2Driver@2067 (d2247c0e)] Determined the downstream protocol as 'W3C'
2023-09-18 21:31:06:732 [AndroidUiautomator2Driver@2067 (d2247c0e)] Proxying [GET /appium/device/info] to [GET http://127.0.0.1:8200/session/8e4cfdbd-f657-4258-ba65-36c32539bede/appium/device/info] with no body
2023-09-18 21:31:06:788 [AndroidUiautomator2Driver@2067 (d2247c0e)] Got response with status 200: {"sessionId":"8e4cfdbd-f657-4258-ba65-36c32539bede","value":{"androidId":"b3a6fe9ee45a7a3c","apiVersion":"33","bluetooth":{"state":"ON"},"brand":"Nokia","carrierName":"","displayDensity":280,"locale":"en_IN","manufacturer":"HMD Global","model":"Nokia C22","networks":[{"capabilities":{"SSID":null,"linkDownBandwidthKbps":2500,"linkUpstreamBandwidthKbps":2500,"networkCapabilities":"NET_CAPABILITY_NOT_METERED,NET_CAPABILITY_INTERNET,NET_CAPABILITY_NOT_RESTRICTED,NET_CAPABILITY_TRUSTED,NET_CAPABILITY_NOT_VPN,NET_CAPABILITY_VALIDATED,NET_CAPABILITY_NOT_ROAMING,NET_CAPABILITY_FOREGROUND,NET_CAPABILITY_NOT_CONGESTED,NET_CAPABILITY_NOT_SUSPENDED","signalStrength":-83,"transportTypes":"TRANSPORT_WIFI"},"detailedState":"CONNECTED","extraInfo":"","isAvailable":true,"isConnected":true,"isFailover":false,"isRoaming":false,"state":"CONNECTED","subtype":-1,"subtypeName":"","type":1,"typeName":"WIFI"}],"platformVersion":"13","realDisplaySize":"720x1600","timeZone":"Asia/Calcutta"}}
2023-09-18 21:31:06:789 [ADB] Running '/Users/surojit/Library/Android/sdk/platform-tools/adb -P 5037 -s 4Z01Z3291Y350602478 shell dumpsys window'
2023-09-18 21:31:06:921 [AndroidDriver] Screen already unlocked, doing nothing
2023-09-18 21:31:06:921 [AndroidUiautomator2Driver@2067 (d2247c0e)] Starting 'com.appreciatewealth.android.uat/com.appreciatewealth.android.activity.startup.SplashScreen and waiting for 'com.appreciatewealth.android.uat/com.appreciatewealth.android.activity.startup.SplashScreen'
2023-09-18 21:31:06:922 [ADB] Getting IDs of all 'com.appreciatewealth.android.uat' processes
2023-09-18 21:31:06:922 [ADB] Running '/Users/surojit/Library/Android/sdk/platform-tools/adb -P 5037 -s 4Z01Z3291Y350602478 shell pgrep -f \(\[\[:blank:\]\]\|\^\)com\.appreciatewealth\.android\.uat\(\[\[:blank:\]\]\|\$\)'
2023-09-18 21:31:07:057 [ADB] Running '/Users/surojit/Library/Android/sdk/platform-tools/adb -P 5037 -s 4Z01Z3291Y350602478 shell am start -W -n com.appreciatewealth.android.uat/com.appreciatewealth.android.activity.startup.SplashScreen -S -a android.intent.action.MAIN -c android.intent.category.LAUNCHER -f 0x10200000'
2023-09-18 21:31:09:008 [ADB] Waiting up to 20000ms for activity matching pkg: 'com.appreciatewealth.android.uat' and activity: 'com.appreciatewealth.android.activity.startup.SplashScreen' to be focused
2023-09-18 21:31:09:008 [ADB] Possible activities, to be checked: 'com.appreciatewealth.android.activity.startup.SplashScreen', 'com.appreciatewealth.android.uat.com.appreciatewealth.android.activity.startup.SplashScreen'
2023-09-18 21:31:09:009 [ADB] Getting focused package and activity
2023-09-18 21:31:09:009 [ADB] Running '/Users/surojit/Library/Android/sdk/platform-tools/adb -P 5037 -s 4Z01Z3291Y350602478 shell dumpsys window displays'
2023-09-18 21:31:09:104 [ADB] Found package: 'com.appreciatewealth.android.uat' and fully qualified activity name : 'com.appreciatewealth.android.activity.startup.SplashScreen'
2023-09-18 21:31:09:106 [AndroidUiautomator2Driver@2067 (d2247c0e)] Proxying [GET /appium/device/pixel_ratio] to [GET http://127.0.0.1:8200/session/8e4cfdbd-f657-4258-ba65-36c32539bede/appium/device/pixel_ratio] with no body
2023-09-18 21:31:09:124 [AndroidUiautomator2Driver@2067 (d2247c0e)] Got response with status 200: {"sessionId":"8e4cfdbd-f657-4258-ba65-36c32539bede","value":1.75}
2023-09-18 21:31:09:124 [AndroidUiautomator2Driver@2067 (d2247c0e)] Matched '/appium/device/system_bars' to command name 'getSystemBars'
2023-09-18 21:31:09:125 [AndroidUiautomator2Driver@2067 (d2247c0e)] Proxying [GET /appium/device/system_bars] to [GET http://127.0.0.1:8200/session/8e4cfdbd-f657-4258-ba65-36c32539bede/appium/device/system_bars] with no body
2023-09-18 21:31:09:143 [AndroidUiautomator2Driver@2067 (d2247c0e)] Got response with status 200: {"sessionId":"8e4cfdbd-f657-4258-ba65-36c32539bede","value":{"statusBar":70}}
2023-09-18 21:31:09:143 [AndroidUiautomator2Driver@2067 (d2247c0e)] Matched '/window/current/size' to command name 'getWindowSize'
2023-09-18 21:31:09:143 [AndroidUiautomator2Driver@2067 (d2247c0e)] Proxying [GET /window/current/size] to [GET http://127.0.0.1:8200/session/8e4cfdbd-f657-4258-ba65-36c32539bede/window/current/size] with no body
2023-09-18 21:31:09:162 [AndroidUiautomator2Driver@2067 (d2247c0e)] Got response with status 200: {"sessionId":"8e4cfdbd-f657-4258-ba65-36c32539bede","value":{"height":1446,"width":720}}
2023-09-18 21:31:09:163 [AppiumDriver@76e9] New AndroidUiautomator2Driver session created successfully, session d2247c0e-5e6c-460b-8def-fc3dcf2fac6c added to master session list
2023-09-18 21:31:09:164 [AppiumDriver@76e9] Event 'newSessionStarted' logged at 1695072669164 (03:01:09 GMT+0530 (India Standard Time))
2023-09-18 21:31:09:164 [AndroidUiautomator2Driver@2067 (d2247c0e)] Cached the protocol value 'W3C' for the new session d2247c0e-5e6c-460b-8def-fc3dcf2fac6c
2023-09-18 21:31:09:164 [AndroidUiautomator2Driver@2067 (d2247c0e)] Responding to client with driver.createSession() result: {"capabilities":{"platform":"LINUX","webStorageEnabled":false,"takesScreenshot":true,"javascriptEnabled":true,"databaseEnabled":false,"networkConnectionEnabled":true,"locationContextEnabled":false,"warnings":{},"desired":{"platformName":"ANDROID","app":"/Users/surojit/Documents/Appreciate/AppreciateMobileAutomation/src/test/resources/Apps/UAT/AppreicateAndroidUAT.apk","appPackage":"com.appreciatewealth.android.uat","automationName":"UiAutomator2","deviceName":"Nokia C22","fullReset":false,"noReset":true,"udid":"4Z01Z3291Y350602478"},"platformName":"ANDROID","app":"/Users/surojit/Documents/Appreciate/AppreciateMobileAutomation/src/test/resources/Apps/UAT/AppreicateAndroidUAT.apk","appPackage":"com.appreciatewealth.android.uat","automationName":"UiAutomator2","deviceName":"4Z01Z3291Y350602478","fullReset":false,"noReset":true,"udid":"4Z01Z3291Y350602478","deviceUDID":"4Z01Z3291Y350602478","deviceApiLevel":33,"platformVersion":"13","deviceScreenSize":"720x1600","deviceScreenDensity":280,"deviceModel":"Nokia C...
2023-09-18 21:31:09:165 [HTTP] <-- POST /session 200 9449 ms - 1219
2023-09-18 21:31:09:165 [HTTP] 
2023-09-18 21:31:14:684 [HTTP] --> GET /session/d2247c0e-5e6c-460b-8def-fc3dcf2fac6c/context
2023-09-18 21:31:14:684 [HTTP] {}
2023-09-18 21:31:14:689 [AndroidUiautomator2Driver@2067 (d2247c0e)] Calling AppiumDriver.getCurrentContext() with args: ["d2247c0e-5e6c-460b-8def-fc3dcf2fac6c"]
2023-09-18 21:31:14:690 [AndroidUiautomator2Driver@2067 (d2247c0e)] Responding to client with driver.getCurrentContext() result: "NATIVE_APP"
2023-09-18 21:31:14:690 [HTTP] <-- GET /session/d2247c0e-5e6c-460b-8def-fc3dcf2fac6c/context 200 6 ms - 22
2023-09-18 21:31:14:690 [HTTP] 
2023-09-18 21:31:14:703 [HTTP] --> POST /session/d2247c0e-5e6c-460b-8def-fc3dcf2fac6c/element
2023-09-18 21:31:14:703 [HTTP] {"using":"xpath","value":"/hierarchy/android.widget.FrameLayout/android.widget.LinearLayout/android.widget.FrameLayout/android.widget.LinearLayout/android.widget.FrameLayout/android.view.ViewGroup/android.view.ViewGroup/android.view.ViewGroup/android.widget.TextView"}
2023-09-18 21:31:14:705 [AndroidUiautomator2Driver@2067 (d2247c0e)] Calling AppiumDriver.findElement() with args: ["xpath","/hierarchy/android.widget.FrameLayout/android.widget.LinearLayout/android.widget.FrameLayout/android.widget.LinearLayout/android.widget.FrameLayout/android.view.ViewGroup/android.view.ViewGroup/android.view.ViewGroup/android.widget.TextView","d2247c0e-5e6c-460b-8def-fc3dcf2fac6c"]
2023-09-18 21:31:14:705 [AndroidUiautomator2Driver@2067 (d2247c0e)] Valid locator strategies for this request: xpath, id, class name, accessibility id, css selector, -android uiautomator
2023-09-18 21:31:14:706 [AndroidUiautomator2Driver@2067 (d2247c0e)] Waiting up to 0 ms for condition
2023-09-18 21:31:14:707 [AndroidUiautomator2Driver@2067 (d2247c0e)] Matched '/element' to command name 'findElement'
2023-09-18 21:31:14:708 [AndroidUiautomator2Driver@2067 (d2247c0e)] Proxying [POST /element] to [POST http://127.0.0.1:8200/session/8e4cfdbd-f657-4258-ba65-36c32539bede/element] with body: {"strategy":"xpath","selector":"/hierarchy/android.widget.FrameLayout/android.widget.LinearLayout/android.widget.FrameLayout/android.widget.LinearLayout/android.widget.FrameLayout/android.view.ViewGroup/android.view.ViewGroup/android.view.ViewGroup/android.widget.TextView","context":"","multiple":false}
2023-09-18 21:31:15:493 [AndroidUiautomator2Driver@2067 (d2247c0e)] Got response with status 200: {"sessionId":"8e4cfdbd-f657-4258-ba65-36c32539bede","value":{"ELEMENT":"00000000-0000-0075-ffff-ffff00000015","element-6066-11e4-a52e-4f735466cecf":"00000000-0000-0075-ffff-ffff00000015"}}
2023-09-18 21:31:15:494 [AndroidUiautomator2Driver@2067 (d2247c0e)] Responding to client with driver.findElement() result: {"element-6066-11e4-a52e-4f735466cecf":"00000000-0000-0075-ffff-ffff00000015","ELEMENT":"00000000-0000-0075-ffff-ffff00000015"}
2023-09-18 21:31:15:495 [HTTP] <-- POST /session/d2247c0e-5e6c-460b-8def-fc3dcf2fac6c/element 200 791 ms - 137
2023-09-18 21:31:15:495 [HTTP] 
2023-09-18 21:31:15:498 [HTTP] --> GET /session/d2247c0e-5e6c-460b-8def-fc3dcf2fac6c/element/00000000-0000-0075-ffff-ffff00000015/text
2023-09-18 21:31:15:499 [HTTP] {}
2023-09-18 21:31:15:500 [AndroidUiautomator2Driver@2067 (d2247c0e)] Driver proxy active, passing request on via HTTP proxy
2023-09-18 21:31:15:501 [AndroidUiautomator2Driver@2067 (d2247c0e)] Matched '/session/d2247c0e-5e6c-460b-8def-fc3dcf2fac6c/element/00000000-0000-0075-ffff-ffff00000015/text' to command name 'getText'
2023-09-18 21:31:15:501 [AndroidUiautomator2Driver@2067 (d2247c0e)] Proxying [GET /session/d2247c0e-5e6c-460b-8def-fc3dcf2fac6c/element/00000000-0000-0075-ffff-ffff00000015/text] to [GET http://127.0.0.1:8200/session/8e4cfdbd-f657-4258-ba65-36c32539bede/element/00000000-0000-0075-ffff-ffff00000015/text] with no body
2023-09-18 21:31:15:525 [AndroidUiautomator2Driver@2067 (d2247c0e)] Got response with status 200: {"sessionId":"8e4cfdbd-f657-4258-ba65-36c32539bede","value":"Choose language"}
2023-09-18 21:31:15:526 [AndroidUiautomator2Driver@2067 (d2247c0e)] Replacing sessionId 8e4cfdbd-f657-4258-ba65-36c32539bede with d2247c0e-5e6c-460b-8def-fc3dcf2fac6c
2023-09-18 21:31:15:527 [HTTP] <-- GET /session/d2247c0e-5e6c-460b-8def-fc3dcf2fac6c/element/00000000-0000-0075-ffff-ffff00000015/text 200 28 ms - 78
2023-09-18 21:31:15:527 [HTTP] 
2023-09-18 21:31:21:538 [HTTP] --> GET /session/d2247c0e-5e6c-460b-8def-fc3dcf2fac6c/context
2023-09-18 21:31:21:538 [HTTP] {}
2023-09-18 21:31:21:540 [AndroidUiautomator2Driver@2067 (d2247c0e)] Calling AppiumDriver.getCurrentContext() with args: ["d2247c0e-5e6c-460b-8def-fc3dcf2fac6c"]
2023-09-18 21:31:21:541 [AndroidUiautomator2Driver@2067 (d2247c0e)] Responding to client with driver.getCurrentContext() result: "NATIVE_APP"
2023-09-18 21:31:21:541 [HTTP] <-- GET /session/d2247c0e-5e6c-460b-8def-fc3dcf2fac6c/context 200 3 ms - 22
2023-09-18 21:31:21:542 [HTTP] 
2023-09-18 21:31:21:545 [HTTP] --> POST /session/d2247c0e-5e6c-460b-8def-fc3dcf2fac6c/element
2023-09-18 21:31:21:545 [HTTP] {"using":"xpath","value":"/hierarchy/android.widget.FrameLayout/android.widget.LinearLayout/android.widget.FrameLayout/android.widget.LinearLayout/android.widget.FrameLayout/android.view.ViewGroup/android.view.ViewGroup/android.widget.Button"}
2023-09-18 21:31:21:545 [AndroidUiautomator2Driver@2067 (d2247c0e)] Calling AppiumDriver.findElement() with args: ["xpath","/hierarchy/android.widget.FrameLayout/android.widget.LinearLayout/android.widget.FrameLayout/android.widget.LinearLayout/android.widget.FrameLayout/android.view.ViewGroup/android.view.ViewGroup/android.widget.Button","d2247c0e-5e6c-460b-8def-fc3dcf2fac6c"]
2023-09-18 21:31:21:546 [AndroidUiautomator2Driver@2067 (d2247c0e)] Valid locator strategies for this request: xpath, id, class name, accessibility id, css selector, -android uiautomator
2023-09-18 21:31:21:546 [AndroidUiautomator2Driver@2067 (d2247c0e)] Waiting up to 0 ms for condition
2023-09-18 21:31:21:546 [AndroidUiautomator2Driver@2067 (d2247c0e)] Matched '/element' to command name 'findElement'
2023-09-18 21:31:21:546 [AndroidUiautomator2Driver@2067 (d2247c0e)] Proxying [POST /element] to [POST http://127.0.0.1:8200/session/8e4cfdbd-f657-4258-ba65-36c32539bede/element] with body: {"strategy":"xpath","selector":"/hierarchy/android.widget.FrameLayout/android.widget.LinearLayout/android.widget.FrameLayout/android.widget.LinearLayout/android.widget.FrameLayout/android.view.ViewGroup/android.view.ViewGroup/android.widget.Button","context":"","multiple":false}
2023-09-18 21:31:21:702 [AndroidUiautomator2Driver@2067 (d2247c0e)] Got response with status 200: {"sessionId":"8e4cfdbd-f657-4258-ba65-36c32539bede","value":{"ELEMENT":"00000000-0000-0075-ffff-ffff0000001e","element-6066-11e4-a52e-4f735466cecf":"00000000-0000-0075-ffff-ffff0000001e"}}
2023-09-18 21:31:21:703 [AndroidUiautomator2Driver@2067 (d2247c0e)] Responding to client with driver.findElement() result: {"element-6066-11e4-a52e-4f735466cecf":"00000000-0000-0075-ffff-ffff0000001e","ELEMENT":"00000000-0000-0075-ffff-ffff0000001e"}
2023-09-18 21:31:21:703 [HTTP] <-- POST /session/d2247c0e-5e6c-460b-8def-fc3dcf2fac6c/element 200 158 ms - 137
2023-09-18 21:31:21:704 [HTTP] 
2023-09-18 21:31:21:708 [HTTP] --> POST /session/d2247c0e-5e6c-460b-8def-fc3dcf2fac6c/element/00000000-0000-0075-ffff-ffff0000001e/click
2023-09-18 21:31:21:708 [HTTP] {"id":"00000000-0000-0075-ffff-ffff0000001e"}
2023-09-18 21:31:21:708 [AndroidUiautomator2Driver@2067 (d2247c0e)] Calling AppiumDriver.click() with args: ["00000000-0000-0075-ffff-ffff0000001e","d2247c0e-5e6c-460b-8def-fc3dcf2fac6c"]
2023-09-18 21:31:21:709 [AndroidUiautomator2Driver@2067 (d2247c0e)] Matched '/element/00000000-0000-0075-ffff-ffff0000001e/click' to command name 'click'
2023-09-18 21:31:21:709 [AndroidUiautomator2Driver@2067 (d2247c0e)] Proxying [POST /element/00000000-0000-0075-ffff-ffff0000001e/click] to [POST http://127.0.0.1:8200/session/8e4cfdbd-f657-4258-ba65-36c32539bede/element/00000000-0000-0075-ffff-ffff0000001e/click] with body: {"element":"00000000-0000-0075-ffff-ffff0000001e"}
2023-09-18 21:31:21:795 [AndroidUiautomator2Driver@2067 (d2247c0e)] Got response with status 200: {"sessionId":"8e4cfdbd-f657-4258-ba65-36c32539bede","value":null}
2023-09-18 21:31:21:795 [AndroidUiautomator2Driver@2067 (d2247c0e)] Responding to client with driver.click() result: null
2023-09-18 21:31:21:796 [HTTP] <-- POST /session/d2247c0e-5e6c-460b-8def-fc3dcf2fac6c/element/00000000-0000-0075-ffff-ffff0000001e/click 200 88 ms - 14
2023-09-18 21:31:21:796 [HTTP] 
2023-09-18 21:31:21:803 [HTTP] --> DELETE /session/d2247c0e-5e6c-460b-8def-fc3dcf2fac6c
2023-09-18 21:31:21:803 [HTTP] {}
2023-09-18 21:31:21:803 [AndroidUiautomator2Driver@2067 (d2247c0e)] Calling AppiumDriver.deleteSession() with args: ["d2247c0e-5e6c-460b-8def-fc3dcf2fac6c"]
2023-09-18 21:31:21:803 [AppiumDriver@76e9] Event 'quitSessionRequested' logged at 1695072681803 (03:01:21 GMT+0530 (India Standard Time))
2023-09-18 21:31:21:804 [AppiumDriver@76e9] Removing session d2247c0e-5e6c-460b-8def-fc3dcf2fac6c from our master session list
2023-09-18 21:31:21:804 [AndroidUiautomator2Driver@2067 (d2247c0e)] Deleting UiAutomator2 session
2023-09-18 21:31:21:804 [AndroidUiautomator2Driver@2067 (d2247c0e)] Deleting UiAutomator2 server session
2023-09-18 21:31:21:804 [AndroidUiautomator2Driver@2067 (d2247c0e)] Matched '/' to command name 'deleteSession'
2023-09-18 21:31:21:805 [AndroidUiautomator2Driver@2067 (d2247c0e)] Proxying [DELETE /] to [DELETE http://127.0.0.1:8200/session/8e4cfdbd-f657-4258-ba65-36c32539bede] with no body
2023-09-18 21:31:21:819 [AndroidUiautomator2Driver@2067 (d2247c0e)] Got response with status 200: {"sessionId":"8e4cfdbd-f657-4258-ba65-36c32539bede","value":null}
2023-09-18 21:31:21:820 [ADB] Running '/Users/surojit/Library/Android/sdk/platform-tools/adb -P 5037 -s 4Z01Z3291Y350602478 shell dumpsys activity services io.appium.settings/.recorder.RecorderService'
2023-09-18 21:31:21:822 [Logcat] Stopping logcat capture
2023-09-18 21:31:21:824 [ADB] Removing forwarded port socket connection: 8200 
2023-09-18 21:31:21:824 [ADB] Running '/Users/surojit/Library/Android/sdk/platform-tools/adb -P 5037 -s 4Z01Z3291Y350602478 forward --remove tcp:8200'
2023-09-18 21:31:21:845 [AndroidUiautomator2Driver@2067 (d2247c0e)] Restoring hidden api policy to the device default configuration
2023-09-18 21:31:21:845 [ADB] Running '/Users/surojit/Library/Android/sdk/platform-tools/adb -P 5037 -s 4Z01Z3291Y350602478 shell 'settings delete global hidden_api_policy_pre_p_apps;settings delete global hidden_api_policy_p_apps;settings delete global hidden_api_policy''
2023-09-18 21:31:21:948 [Instrumentation] .
2023-09-18 21:31:22:019 [Instrumentation] Time: 17.075
2023-09-18 21:31:22:019 [Instrumentation] 
2023-09-18 21:31:22:019 [Instrumentation] OK (1 test)
2023-09-18 21:31:22:043 [AppiumDriver@76e9] Event 'quitSessionFinished' logged at 1695072682042 (03:01:22 GMT+0530 (India Standard Time))
2023-09-18 21:31:22:043 [AppiumDriver@76e9] Received response: null
2023-09-18 21:31:22:043 [AppiumDriver@76e9] But deleting session, so not returning
2023-09-18 21:31:22:043 [AppiumDriver@76e9] Responding to client with driver.deleteSession() result: null
2023-09-18 21:31:22:044 [HTTP] <-- DELETE /session/d2247c0e-5e6c-460b-8def-fc3dcf2fac6c 200 241 ms - 14
2023-09-18 21:31:22:044 [HTTP] 
2023-09-18 21:31:22:049 [Appium] Received SIGTERM - shutting down
2023-09-18 21:31:22:049 [AppiumDriver@76e9] There are no active sessions for cleanup
2023-09-18 21:31:22:052 uncaughtException: write EPIPE
Error: write EPIPE
    at afterWriteDispatched (node:internal/stream_base_commons:160:15)
    at writeGeneric (node:internal/stream_base_commons:151:3)
    at Socket._writeGeneric (node:net:952:11)
    at Socket._write (node:net:964:8)
    at writeOrBuffer (node:internal/streams/writable:399:12)
    at _write (node:internal/streams/writable:340:10)
    at Socket.Writable.write (node:internal/streams/writable:344:10)
    at Console.log (/usr/local/lib/node_modules/appium/node_modules/winston/lib/winston/transports/console.js:79:23)
    at Console._write (/usr/local/lib/node_modules/appium/node_modules/winston-transport/index.js:103:17)
    at doWrite (/usr/local/lib/node_modules/appium/node_modules/readable-stream/lib/_stream_writable.js:390:139)
    at writeOrBuffer (/usr/local/lib/node_modules/appium/node_modules/readable-stream/lib/_stream_writable.js:381:5)
    at Console.Writable.write (/usr/local/lib/node_modules/appium/node_modules/readable-stream/lib/_stream_writable.js:302:11)
    at DerivedLogger.ondata (/usr/local/lib/node_modules/appium/node_modules/readable-stream/lib/_stream_readable.js:629:20)
    at DerivedLogger.emit (node:events:526:35)
    at addChunk (/usr/local/lib/node_modules/appium/node_modules/readable-stream/lib/_stream_readable.js:279:12)
    at readableAddChunk (/usr/local/lib/node_modules/appium/node_modules/readable-stream/lib/_stream_readable.js:262:11)
    at DerivedLogger.Readable.push (/usr/local/lib/node_modules/appium/node_modules/readable-stream/lib/_stream_readable.js:228:10)
    at DerivedLogger.Transform.push (/usr/local/lib/node_modules/appium/node_modules/readable-stream/lib/_stream_transform.js:132:32)
    at DerivedLogger._transform (/usr/local/lib/node_modules/appium/node_modules/winston/lib/winston/logger.js:313:12)
    at DerivedLogger.Transform._read (/usr/local/lib/node_modules/appium/node_modules/readable-stream/lib/_stream_transform.js:166:10)
    at DerivedLogger.Transform._write (/usr/local/lib/node_modules/appium/node_modules/readable-stream/lib/_stream_transform.js:155:83)
    at doWrite (/usr/local/lib/node_modules/appium/node_modules/readable-stream/lib/_stream_writable.js:390:139)
2023-09-18 21:31:22:054 uncaughtException: write EPIPE
Error: write EPIPE
    at afterWriteDispatched (node:internal/stream_base_commons:160:15)
    at writeGeneric (node:internal/stream_base_commons:151:3)
    at Socket._writeGeneric (node:net:952:11)
    at Socket._write (node:net:964:8)
    at writeOrBuffer (node:internal/streams/writable:399:12)
    at _write (node:internal/streams/writable:340:10)
    at Socket.Writable.write (node:internal/streams/writable:344:10)
    at Console.log (/usr/local/lib/node_modules/appium/node_modules/winston/lib/winston/transports/console.js:51:25)
    at Console._write (/usr/local/lib/node_modules/appium/node_modules/winston-transport/index.js:103:17)
    at doWrite (/usr/local/lib/node_modules/appium/node_modules/readable-stream/lib/_stream_writable.js:390:139)
    at writeOrBuffer (/usr/local/lib/node_modules/appium/node_modules/readable-stream/lib/_stream_writable.js:381:5)
    at Console.Writable.write (/usr/local/lib/node_modules/appium/node_modules/readable-stream/lib/_stream_writable.js:302:11)
    at DerivedLogger.ondata (/usr/local/lib/node_modules/appium/node_modules/readable-stream/lib/_stream_readable.js:629:20)
    at DerivedLogger.emit (node:events:526:35)
    at addChunk (/usr/local/lib/node_modules/appium/node_modules/readable-stream/lib/_stream_readable.js:279:12)
    at readableAddChunk (/usr/local/lib/node_modules/appium/node_modules/readable-stream/lib/_stream_readable.js:262:11)
    at DerivedLogger.Readable.push (/usr/local/lib/node_modules/appium/node_modules/readable-stream/lib/_stream_readable.js:228:10)
    at DerivedLogger.Transform.push (/usr/local/lib/node_modules/appium/node_modules/readable-stream/lib/_stream_transform.js:132:32)
    at DerivedLogger._transform (/usr/local/lib/node_modules/appium/node_modules/winston/lib/winston/logger.js:313:12)
    at DerivedLogger.Transform._read (/usr/local/lib/node_modules/appium/node_modules/readable-stream/lib/_stream_transform.js:166:10)
    at DerivedLogger.Transform._write (/usr/local/lib/node_modules/appium/node_modules/readable-stream/lib/_stream_transform.js:155:83)
    at doWrite (/usr/local/lib/node_modules/appium/node_modules/readable-stream/lib/_stream_writable.js:390:139)
2023-09-18 21:31:22:055 uncaughtException: write EPIPE
Error: write EPIPE
    at afterWriteDispatched (node:internal/stream_base_commons:160:15)
    at writeGeneric (node:internal/stream_base_commons:151:3)
    at Socket._writeGeneric (node:net:952:11)
    at Socket._write (node:net:964:8)
    at writeOrBuffer (node:internal/streams/writable:399:12)
    at _write (node:internal/streams/writable:340:10)
    at Socket.Writable.write (node:internal/streams/writable:344:10)
    at Console.log (/usr/local/lib/node_modules/appium/node_modules/winston/lib/winston/transports/console.js:51:25)
    at Console._write (/usr/local/lib/node_modules/appium/node_modules/winston-transport/index.js:103:17)
    at doWrite (/usr/local/lib/node_modules/appium/node_modules/readable-stream/lib/_stream_writable.js:390:139)
    at writeOrBuffer (/usr/local/lib/node_modules/appium/node_modules/readable-stream/lib/_stream_writable.js:381:5)
    at Console.Writable.write (/usr/local/lib/node_modules/appium/node_modules/readable-stream/lib/_stream_writable.js:302:11)
    at DerivedLogger.ondata (/usr/local/lib/node_modules/appium/node_modules/readable-stream/lib/_stream_readable.js:629:20)
    at DerivedLogger.emit (node:events:526:35)
    at addChunk (/usr/local/lib/node_modules/appium/node_modules/readable-stream/lib/_stream_readable.js:279:12)
    at readableAddChunk (/usr/local/lib/node_modules/appium/node_modules/readable-stream/lib/_stream_readable.js:262:11)
    at DerivedLogger.Readable.push (/usr/local/lib/node_modules/appium/node_modules/readable-stream/lib/_stream_readable.js:228:10)
    at DerivedLogger.Transform.push (/usr/local/lib/node_modules/appium/node_modules/readable-stream/lib/_stream_transform.js:132:32)
    at DerivedLogger._transform (/usr/local/lib/node_modules/appium/node_modules/winston/lib/winston/logger.js:313:12)
    at DerivedLogger.Transform._read (/usr/local/lib/node_modules/appium/node_modules/readable-stream/lib/_stream_transform.js:166:10)
    at DerivedLogger.Transform._write (/usr/local/lib/node_modules/appium/node_modules/readable-stream/lib/_stream_transform.js:155:83)
    at doWrite (/usr/local/lib/node_modules/appium/node_modules/readable-stream/lib/_stream_writable.js:390:139)
2023-09-18 21:31:22:056 uncaughtException: write EPIPE
Error: write EPIPE
    at afterWriteDispatched (node:internal/stream_base_commons:160:15)
    at writeGeneric (node:internal/stream_base_commons:151:3)
    at Socket._writeGeneric (node:net:952:11)
    at Socket._write (node:net:964:8)
    at writeOrBuffer (node:internal/streams/writable:399:12)
    at _write (node:internal/streams/writable:340:10)
    at Socket.Writable.write (node:internal/streams/writable:344:10)
    at Console.log (/usr/local/lib/node_modules/appium/node_modules/winston/lib/winston/transports/console.js:51:25)
    at Console._write (/usr/local/lib/node_modules/appium/node_modules/winston-transport/index.js:103:17)
    at doWrite (/usr/local/lib/node_modules/appium/node_modules/readable-stream/lib/_stream_writable.js:390:139)
    at writeOrBuffer (/usr/local/lib/node_modules/appium/node_modules/readable-stream/lib/_stream_writable.js:381:5)
    at Console.Writable.write (/usr/local/lib/node_modules/appium/node_modules/readable-stream/lib/_stream_writable.js:302:11)
    at DerivedLogger.ondata (/usr/local/lib/node_modules/appium/node_modules/readable-stream/lib/_stream_readable.js:629:20)
    at DerivedLogger.emit (node:events:526:35)
    at addChunk (/usr/local/lib/node_modules/appium/node_modules/readable-stream/lib/_stream_readable.js:279:12)
    at readableAddChunk (/usr/local/lib/node_modules/appium/node_modules/readable-stream/lib/_stream_readable.js:262:11)
    at DerivedLogger.Readable.push (/usr/local/lib/node_modules/appium/node_modules/readable-stream/lib/_stream_readable.js:228:10)
    at DerivedLogger.Transform.push (/usr/local/lib/node_modules/appium/node_modules/readable-stream/lib/_stream_transform.js:132:32)
    at DerivedLogger._transform (/usr/local/lib/node_modules/appium/node_modules/winston/lib/winston/logger.js:313:12)
    at DerivedLogger.Transform._read (/usr/local/lib/node_modules/appium/node_modules/readable-stream/lib/_stream_transform.js:166:10)
    at DerivedLogger.Transform._write (/usr/local/lib/node_modules/appium/node_modules/readable-stream/lib/_stream_transform.js:155:83)
    at doWrite (/usr/local/lib/node_modules/appium/node_modules/readable-stream/lib/_stream_writable.js:390:139)
2023-09-18 21:31:22:058 uncaughtException: write EPIPE
Error: write EPIPE
    at afterWriteDispatched (node:internal/stream_base_commons:160:15)
    at writeGeneric (node:internal/stream_base_commons:151:3)
    at Socket._writeGeneric (node:net:952:11)
    at Socket._write (node:net:964:8)
    at writeOrBuffer (node:internal/streams/writable:399:12)
    at _write (node:internal/streams/writable:340:10)
    at Socket.Writable.write (node:internal/streams/writable:344:10)
    at Console.log (/usr/local/lib/node_modules/appium/node_modules/winston/lib/winston/transports/console.js:51:25)
    at Console._write (/usr/local/lib/node_modules/appium/node_modules/winston-transport/index.js:103:17)
    at doWrite (/usr/local/lib/node_modules/appium/node_modules/readable-stream/lib/_stream_writable.js:390:139)
    at writeOrBuffer (/usr/local/lib/node_modules/appium/node_modules/readable-stream/lib/_stream_writable.js:381:5)
    at Console.Writable.write (/usr/local/lib/node_modules/appium/node_modules/readable-stream/lib/_stream_writable.js:302:11)
    at DerivedLogger.ondata (/usr/local/lib/node_modules/appium/node_modules/readable-stream/lib/_stream_readable.js:629:20)
    at DerivedLogger.emit (node:events:526:35)
    at addChunk (/usr/local/lib/node_modules/appium/node_modules/readable-stream/lib/_stream_readable.js:279:12)
    at readableAddChunk (/usr/local/lib/node_modules/appium/node_modules/readable-stream/lib/_stream_readable.js:262:11)
    at DerivedLogger.Readable.push (/usr/local/lib/node_modules/appium/node_modules/readable-stream/lib/_stream_readable.js:228:10)
    at DerivedLogger.Transform.push (/usr/local/lib/node_modules/appium/node_modules/readable-stream/lib/_stream_transform.js:132:32)
    at DerivedLogger._transform (/usr/local/lib/node_modules/appium/node_modules/winston/lib/winston/logger.js:313:12)
    at DerivedLogger.Transform._read (/usr/local/lib/node_modules/appium/node_modules/readable-stream/lib/_stream_transform.js:166:10)
    at DerivedLogger.Transform._write (/usr/local/lib/node_modules/appium/node_modules/readable-stream/lib/_stream_transform.js:155:83)
    at doWrite (/usr/local/lib/node_modules/appium/node_modules/readable-stream/lib/_stream_writable.js:390:139)
